{"meta": {"format": 3, "version": "7.15.2", "timestamp": "2026-07-23T21:25:06.577757", "branch_coverage": false, "show_contexts": false}, "files": {"api/__init__.py": {"executed_lines": [], "summary": {"covered_lines": 0, "num_statements": 0, "percent_covered": 100.0, "percent_covered_display": "100", "missing_lines": 0, "excluded_lines": 0, "percent_statements_covered": 100.0, "percent_statements_covered_display": "100"}, "missing_lines": [], "excluded_lines": [], "functions": {"": {"executed_lines": [], "summary": {"covered_lines": 0, "num_statements": 0, "percent_covered": 100.0, "percent_covered_display": "100", "missing_lines": 0, "excluded_lines": 0, "percent_statements_covered": 100.0, "percent_statements_covered_display": "100"}, "missing_lines": [], "excluded_lines": [], "start_line": 1}}, "classes": {"": {"executed_lines": [], "summary": {"covered_lines": 0, "num_statements": 0, "percent_covered": 100.0, "percent_covered_display": "100", "missing_lines": 0, "excluded_lines": 0, "percent_statements_covered": 100.0, "percent_statements_covered_display": "100"}, "missing_lines": [], "excluded_lines": [], "start_line": 1}}}, "api/cors_config.py": {"executed_lines": [3, 5, 8, 16, 23, 24, 25, 26], "summary": {"covered_lines": 8, "num_statements": 8, "percent_covered": 100.0, "percent_covered_display": "100", "missing_lines": 0, "excluded_lines": 0, "percent_statements_covered": 100.0, "percent_statements_covered_display": "100"}, "missing_lines": [], "excluded_lines": [], "functions": {"parse_cors_origins": {"executed_lines": [23, 24, 25, 26], "summary": {"covered_lines": 4, "num_statements": 4, "percent_covered": 100.0, "percent_covered_display": "100", "missing_lines": 0, "excluded_lines": 0, "percent_statements_covered": 100.0, "percent_statements_covered_display": "100"}, "missing_lines": [], "excluded_lines": [], "start_line": 16}, "": {"executed_lines": [3, 5, 8, 16], "summary": {"covered_lines": 4, "num_statements": 4, "percent_covered": 100.0, "percent_covered_display": "100", "missing_lines": 0, "excluded_lines": 0, "percent_statements_covered": 100.0, "percent_statements_covered_display": "100"}, "missing_lines": [], "excluded_lines": [], "start_line": 1}}, "classes": {"": {"executed_lines": [3, 5, 8, 16, 23, 24, 25, 26], "summary": {"covered_lines": 8, "num_statements": 8, "percent_covered": 100.0, "percent_covered_display": "100", "missing_lines": 0, "excluded_lines": 0, "percent_statements_covered": 100.0, "percent_statements_covered_display": "100"}, "missing_lines": [], "excluded_lines": [], "start_line": 1}}}, "api/data_io.py": {"executed_lines": [3, 5, 6, 7, 8, 9, 10, 11, 13, 15, 16, 18, 19, 20, 21, 23, 25, 42, 57, 62, 69, 145, 177, 198, 209, 216, 251, 259, 261, 262, 265, 266, 267, 268, 269, 270, 273, 275, 277, 280, 288, 289, 290, 291, 292, 296, 297, 298, 299, 300, 301, 302, 303, 304, 305, 306, 312, 313, 314, 315, 320, 321, 322, 323, 324, 325, 326, 327, 329, 330, 331, 332, 335, 336, 337, 338, 339, 349, 350, 355, 358, 390, 404, 602], "summary": {"covered_lines": 84, "num_statements": 398, "percent_covered": 21.105527638190956, "percent_covered_display": "21", "missing_lines": 314, "excluded_lines": 0, "percent_statements_covered": 21.105527638190956, "percent_statements_covered_display": "21"}, "missing_lines": [58, 59, 63, 71, 72, 73, 76, 78, 79, 80, 81, 83, 84, 86, 87, 88, 89, 91, 92, 93, 100, 101, 102, 103, 104, 105, 106, 107, 110, 111, 118, 119, 120, 121, 123, 125, 126, 127, 128, 129, 131, 132, 133, 134, 135, 137, 146, 147, 148, 149, 150, 151, 153, 154, 155, 156, 157, 158, 159, 160, 162, 163, 164, 165, 166, 178, 179, 180, 181, 182, 183, 184, 185, 186, 187, 188, 189, 190, 191, 192, 193, 194, 195, 199, 201, 202, 203, 204, 205, 206, 210, 211, 212, 213, 226, 228, 229, 230, 231, 232, 233, 234, 235, 236, 237, 238, 241, 242, 243, 244, 245, 246, 247, 248, 260, 272, 274, 276, 278, 293, 294, 295, 328, 334, 360, 361, 362, 363, 365, 367, 368, 369, 370, 372, 373, 376, 377, 379, 380, 381, 382, 383, 384, 386, 387, 392, 393, 394, 395, 396, 398, 399, 400, 401, 406, 407, 408, 409, 410, 411, 412, 413, 414, 415, 417, 418, 419, 420, 421, 422, 423, 424, 425, 427, 428, 429, 430, 431, 432, 433, 434, 435, 437, 438, 439, 440, 441, 442, 443, 444, 445, 447, 448, 449, 450, 451, 452, 453, 454, 455, 456, 457, 459, 460, 461, 462, 463, 464, 465, 466, 467, 468, 469, 471, 472, 473, 475, 481, 482, 483, 484, 485, 487, 493, 494, 495, 496, 497, 498, 499, 500, 501, 502, 503, 504, 506, 507, 508, 509, 511, 513, 514, 526, 527, 528, 545, 546, 548, 549, 550, 551, 552, 553, 554, 555, 556, 558, 559, 560, 561, 565, 566, 569, 570, 571, 572, 573, 574, 576, 577, 578, 579, 580, 581, 582, 583, 585, 586, 587, 588, 599, 603, 604, 605, 606, 607, 608, 609, 610, 611, 612, 613, 615, 616, 617, 618, 619, 621, 622, 623, 624, 625, 626, 627, 628, 635, 636, 637, 638, 639, 640, 644, 650, 651], "excluded_lines": [], "functions": {"ensure_uploads": {"executed_lines": [], "summary": {"covered_lines": 0, "num_statements": 2, "percent_covered": 0.0, "percent_covered_display": "0", "missing_lines": 2, "excluded_lines": 0, "percent_statements_covered": 0.0, "percent_statements_covered_display": "0"}, "missing_lines": [58, 59], "excluded_lines": [], "start_line": 57}, "_is_under_deletable_root": {"executed_lines": [], "summary": {"covered_lines": 0, "num_statements": 1, "percent_covered": 0.0, "percent_covered_display": "0", "missing_lines": 1, "excluded_lines": 0, "percent_statements_covered": 0.0, "percent_statements_covered_display": "0"}, "missing_lines": [63], "excluded_lines": [], "start_line": 62}, "delete_dataset_file": {"executed_lines": [], "summary": {"covered_lines": 0, "num_statements": 43, "percent_covered": 0.0, "percent_covered_display": "0", "missing_lines": 43, "excluded_lines": 0, "percent_statements_covered": 0.0, "percent_statements_covered_display": "0"}, "missing_lines": [71, 72, 73, 76, 78, 79, 80, 81, 83, 84, 86, 87, 88, 89, 91, 92, 93, 100, 101, 102, 103, 104, 105, 106, 107, 110, 111, 118, 119, 120, 121, 123, 125, 126, 127, 128, 129, 131, 132, 133, 134, 135, 137], "excluded_lines": [], "start_line": 69}, "_save_dataframe": {"executed_lines": [], "summary": {"covered_lines": 0, "num_statements": 19, "percent_covered": 0.0, "percent_covered_display": "0", "missing_lines": 19, "excluded_lines": 0, "percent_statements_covered": 0.0, "percent_statements_covered_display": "0"}, "missing_lines": [146, 147, 148, 149, 150, 151, 153, 154, 155, 156, 157, 158, 159, 160, 162, 163, 164, 165, 166], "excluded_lines": [], "start_line": 145}, "dataframe_from_upload_bytes": {"executed_lines": [], "summary": {"covered_lines": 0, "num_statements": 18, "percent_covered": 0.0, "percent_covered_display": "0", "missing_lines": 18, "excluded_lines": 0, "percent_statements_covered": 0.0, "percent_statements_covered_display": "0"}, "missing_lines": [178, 179, 180, 181, 182, 183, 184, 185, 186, 187, 188, 189, 190, 191, 192, 193, 194, 195], "excluded_lines": [], "start_line": 177}, "import_file_bytes": {"executed_lines": [], "summary": {"covered_lines": 0, "num_statements": 7, "percent_covered": 0.0, "percent_covered_display": "0", "missing_lines": 7, "excluded_lines": 0, "percent_statements_covered": 0.0, "percent_statements_covered_display": "0"}, "missing_lines": [199, 201, 202, 203, 204, 205, 206], "excluded_lines": [], "start_line": 198}, "import_form_rows": {"executed_lines": [], "summary": {"covered_lines": 0, "num_statements": 4, "percent_covered": 0.0, "percent_covered_display": "0", "missing_lines": 4, "excluded_lines": 0, "percent_statements_covered": 0.0, "percent_statements_covered_display": "0"}, "missing_lines": [210, 211, 212, 213], "excluded_lines": [], "start_line": 209}, "import_sql": {"executed_lines": [], "summary": {"covered_lines": 0, "num_statements": 20, "percent_covered": 0.0, "percent_covered_display": "0", "missing_lines": 20, "excluded_lines": 0, "percent_statements_covered": 0.0, "percent_statements_covered_display": "0"}, "missing_lines": [226, 228, 229, 230, 231, 232, 233, 234, 235, 236, 237, 238, 241, 242, 243, 244, 245, 246, 247, 248], "excluded_lines": [], "start_line": 216}, "profile_dataset": {"executed_lines": [259, 261, 262, 265, 266, 267, 268, 269, 270, 273, 275, 277, 280, 288, 289, 290, 291, 292, 296, 297, 298, 299, 300, 301, 302, 303, 304, 305, 306, 312, 313, 314, 315, 320, 321, 322, 323, 324, 325, 326, 327, 329, 330, 331, 332, 335, 336, 337, 338, 339, 349, 350, 355], "summary": {"covered_lines": 53, "num_statements": 63, "percent_covered": 84.12698412698413, "percent_covered_display": "84", "missing_lines": 10, "excluded_lines": 0, "percent_statements_covered": 84.12698412698413, "percent_statements_covered_display": "84"}, "missing_lines": [260, 272, 274, 276, 278, 293, 294, 295, 328, 334], "excluded_lines": [], "start_line": 251}, "_audit_pass_fail_counts": {"executed_lines": [], "summary": {"covered_lines": 0, "num_statements": 7, "percent_covered": 0.0, "percent_covered_display": "0", "missing_lines": 7, "excluded_lines": 0, "percent_statements_covered": 0.0, "percent_statements_covered_display": "0"}, "missing_lines": [360, 361, 362, 363, 365, 386, 387], "excluded_lines": [], "start_line": 358}, "_audit_pass_fail_counts.walk": {"executed_lines": [], "summary": {"covered_lines": 0, "num_statements": 14, "percent_covered": 0.0, "percent_covered_display": "0", "missing_lines": 14, "excluded_lines": 0, "percent_statements_covered": 0.0, "percent_statements_covered_display": "0"}, "missing_lines": [367, 368, 369, 370, 372, 373, 376, 377, 379, 380, 381, 382, 383, 384], "excluded_lines": [], "start_line": 365}, "_reports_root_for_methods": {"executed_lines": [], "summary": {"covered_lines": 0, "num_statements": 9, "percent_covered": 0.0, "percent_covered_display": "0", "missing_lines": 9, "excluded_lines": 0, "percent_statements_covered": 0.0, "percent_statements_covered_display": "0"}, "missing_lines": [392, 393, 394, 395, 396, 398, 399, 400, 401], "excluded_lines": [], "start_line": 390}, "build_methods_markdown": {"executed_lines": [], "summary": {"covered_lines": 0, "num_statements": 127, "percent_covered": 0.0, "percent_covered_display": "0", "missing_lines": 127, "excluded_lines": 0, "percent_statements_covered": 0.0, "percent_statements_covered_display": "0"}, "missing_lines": [406, 407, 408, 409, 410, 411, 412, 413, 414, 415, 417, 418, 419, 420, 421, 422, 423, 424, 425, 427, 428, 429, 430, 431, 432, 433, 434, 435, 437, 438, 439, 440, 441, 442, 443, 444, 445, 447, 448, 449, 450, 451, 452, 453, 454, 455, 456, 457, 459, 460, 461, 462, 463, 464, 465, 466, 467, 468, 469, 471, 472, 473, 475, 481, 482, 483, 484, 485, 487, 493, 494, 495, 496, 497, 498, 499, 500, 501, 502, 503, 504, 506, 507, 508, 509, 511, 513, 514, 526, 527, 528, 545, 546, 548, 549, 550, 551, 552, 553, 554, 555, 556, 558, 559, 560, 561, 565, 566, 569, 570, 571, 572, 573, 574, 576, 577, 578, 579, 580, 581, 582, 583, 585, 586, 587, 588, 599], "excluded_lines": [], "start_line": 404}, "build_results_zip": {"executed_lines": [], "summary": {"covered_lines": 0, "num_statements": 33, "percent_covered": 0.0, "percent_covered_display": "0", "missing_lines": 33, "excluded_lines": 0, "percent_statements_covered": 0.0, "percent_statements_covered_display": "0"}, "missing_lines": [603, 604, 605, 606, 607, 608, 609, 610, 611, 612, 613, 615, 616, 617, 618, 619, 621, 622, 623, 624, 625, 626, 627, 628, 635, 636, 637, 638, 639, 640, 644, 650, 651], "excluded_lines": [], "start_line": 602}, "": {"executed_lines": [3, 5, 6, 7, 8, 9, 10, 11, 13, 15, 16, 18, 19, 20, 21, 23, 25, 42, 57, 62, 69, 145, 177, 198, 209, 216, 251, 358, 390, 404, 602], "summary": {"covered_lines": 31, "num_statements": 31, "percent_covered": 100.0, "percent_covered_display": "100", "missing_lines": 0, "excluded_lines": 0, "percent_statements_covered": 100.0, "percent_statements_covered_display": "100"}, "missing_lines": [], "excluded_lines": [], "start_line": 1}}, "classes": {"": {"executed_lines": [3, 5, 6, 7, 8, 9, 10, 11, 13, 15, 16, 18, 19, 20, 21, 23, 25, 42, 57, 62, 69, 145, 177, 198, 209, 216, 251, 259, 261, 262, 265, 266, 267, 268, 269, 270, 273, 275, 277, 280, 288, 289, 290, 291, 292, 296, 297, 298, 299, 300, 301, 302, 303, 304, 305, 306, 312, 313, 314, 315, 320, 321, 322, 323, 324, 325, 326, 327, 329, 330, 331, 332, 335, 336, 337, 338, 339, 349, 350, 355, 358, 390, 404, 602], "summary": {"covered_lines": 84, "num_statements": 398, "percent_covered": 21.105527638190956, "percent_covered_display": "21", "missing_lines": 314, "excluded_lines": 0, "percent_statements_covered": 21.105527638190956, "percent_statements_covered_display": "21"}, "missing_lines": [58, 59, 63, 71, 72, 73, 76, 78, 79, 80, 81, 83, 84, 86, 87, 88, 89, 91, 92, 93, 100, 101, 102, 103, 104, 105, 106, 107, 110, 111, 118, 119, 120, 121, 123, 125, 126, 127, 128, 129, 131, 132, 133, 134, 135, 137, 146, 147, 148, 149, 150, 151, 153, 154, 155, 156, 157, 158, 159, 160, 162, 163, 164, 165, 166, 178, 179, 180, 181, 182, 183, 184, 185, 186, 187, 188, 189, 190, 191, 192, 193, 194, 195, 199, 201, 202, 203, 204, 205, 206, 210, 211, 212, 213, 226, 228, 229, 230, 231, 232, 233, 234, 235, 236, 237, 238, 241, 242, 243, 244, 245, 246, 247, 248, 260, 272, 274, 276, 278, 293, 294, 295, 328, 334, 360, 361, 362, 363, 365, 367, 368, 369, 370, 372, 373, 376, 377, 379, 380, 381, 382, 383, 384, 386, 387, 392, 393, 394, 395, 396, 398, 399, 400, 401, 406, 407, 408, 409, 410, 411, 412, 413, 414, 415, 417, 418, 419, 420, 421, 422, 423, 424, 425, 427, 428, 429, 430, 431, 432, 433, 434, 435, 437, 438, 439, 440, 441, 442, 443, 444, 445, 447, 448, 449, 450, 451, 452, 453, 454, 455, 456, 457, 459, 460, 461, 462, 463, 464, 465, 466, 467, 468, 469, 471, 472, 473, 475, 481, 482, 483, 484, 485, 487, 493, 494, 495, 496, 497, 498, 499, 500, 501, 502, 503, 504, 506, 507, 508, 509, 511, 513, 514, 526, 527, 528, 545, 546, 548, 549, 550, 551, 552, 553, 554, 555, 556, 558, 559, 560, 561, 565, 566, 569, 570, 571, 572, 573, 574, 576, 577, 578, 579, 580, 581, 582, 583, 585, 586, 587, 588, 599, 603, 604, 605, 606, 607, 608, 609, 610, 611, 612, 613, 615, 616, 617, 618, 619, 621, 622, 623, 624, 625, 626, 627, 628, 635, 636, 637, 638, 639, 640, 644, 650, 651], "excluded_lines": [], "start_line": 1}}}, "api/framework_routes.py": {"executed_lines": [3, 5, 6, 8, 9, 11, 12, 13, 14, 16, 17, 20, 34, 35, 38, 39, 40, 41, 42, 45, 46, 47, 48, 49, 50, 51, 52, 53, 54, 55, 56, 57, 58, 59, 60, 61, 64, 65, 66, 67, 68, 69, 70, 71, 72, 73, 74, 75, 76, 77, 80, 81, 82, 83, 84, 87, 88, 89, 92, 93, 94, 97, 98, 99, 102, 103, 115, 116, 133, 134, 141, 142, 159, 160, 191, 192, 198, 199, 205, 206, 217, 218, 229, 230, 245, 246, 285, 286, 293, 294, 303, 304, 316, 317, 329, 330, 367, 368, 374, 375], "summary": {"covered_lines": 100, "num_statements": 252, "percent_covered": 39.682539682539684, "percent_covered_display": "40", "missing_lines": 152, "excluded_lines": 0, "percent_statements_covered": 39.682539682539684, "percent_statements_covered_display": "40"}, "missing_lines": [21, 22, 23, 25, 26, 27, 28, 29, 30, 31, 104, 105, 107, 108, 109, 110, 111, 112, 117, 118, 120, 121, 127, 128, 129, 130, 135, 137, 138, 143, 144, 146, 147, 149, 150, 151, 152, 153, 154, 155, 156, 161, 163, 164, 166, 167, 168, 169, 170, 186, 187, 188, 193, 195, 200, 202, 207, 209, 210, 211, 212, 213, 214, 219, 221, 222, 223, 224, 225, 226, 231, 233, 235, 236, 237, 238, 239, 240, 241, 242, 248, 249, 251, 252, 253, 255, 256, 257, 259, 260, 261, 262, 263, 264, 265, 266, 267, 268, 269, 270, 276, 277, 279, 281, 282, 287, 288, 289, 290, 295, 296, 297, 298, 299, 300, 305, 306, 308, 309, 310, 311, 312, 313, 318, 319, 321, 322, 323, 324, 325, 326, 331, 332, 334, 335, 336, 340, 341, 342, 343, 345, 347, 348, 349, 350, 351, 352, 356, 364, 369, 371, 376], "excluded_lines": [], "functions": {"_resolve_under_project": {"executed_lines": [], "summary": {"covered_lines": 0, "num_statements": 10, "percent_covered": 0.0, "percent_covered_display": "0", "missing_lines": 10, "excluded_lines": 0, "percent_statements_covered": 0.0, "percent_statements_covered_display": "0"}, "missing_lines": [21, 22, 23, 25, 26, 27, 28, 29, 30, 31], "excluded_lines": [], "start_line": 20}, "map_preview": {"executed_lines": [], "summary": {"covered_lines": 0, "num_statements": 8, "percent_covered": 0.0, "percent_covered_display": "0", "missing_lines": 8, "excluded_lines": 0, "percent_statements_covered": 0.0, "percent_statements_covered_display": "0"}, "missing_lines": [104, 105, 107, 108, 109, 110, 111, 112], "excluded_lines": [], "start_line": 103}, "map_import_route": {"executed_lines": [], "summary": {"covered_lines": 0, "num_statements": 8, "percent_covered": 0.0, "percent_covered_display": "0", "missing_lines": 8, "excluded_lines": 0, "percent_statements_covered": 0.0, "percent_statements_covered_display": "0"}, "missing_lines": [117, 118, 120, 121, 127, 128, 129, 130], "excluded_lines": [], "start_line": 116}, "get_workspace_config": {"executed_lines": [], "summary": {"covered_lines": 0, "num_statements": 3, "percent_covered": 0.0, "percent_covered_display": "0", "missing_lines": 3, "excluded_lines": 0, "percent_statements_covered": 0.0, "percent_statements_covered_display": "0"}, "missing_lines": [135, 137, 138], "excluded_lines": [], "start_line": 134}, "put_workspace_config": {"executed_lines": [], "summary": {"covered_lines": 0, "num_statements": 12, "percent_covered": 0.0, "percent_covered_display": "0", "missing_lines": 12, "excluded_lines": 0, "percent_statements_covered": 0.0, "percent_statements_covered_display": "0"}, "missing_lines": [143, 144, 146, 147, 149, 150, 151, 152, 153, 154, 155, 156], "excluded_lines": [], "start_line": 142}, "upsert_task": {"executed_lines": [], "summary": {"covered_lines": 0, "num_statements": 11, "percent_covered": 0.0, "percent_covered_display": "0", "missing_lines": 11, "excluded_lines": 0, "percent_statements_covered": 0.0, "percent_statements_covered_display": "0"}, "missing_lines": [161, 163, 164, 166, 167, 168, 169, 170, 186, 187, 188], "excluded_lines": [], "start_line": 160}, "get_events": {"executed_lines": [], "summary": {"covered_lines": 0, "num_statements": 2, "percent_covered": 0.0, "percent_covered_display": "0", "missing_lines": 2, "excluded_lines": 0, "percent_statements_covered": 0.0, "percent_statements_covered_display": "0"}, "missing_lines": [193, 195], "excluded_lines": [], "start_line": 192}, "get_runs": {"executed_lines": [], "summary": {"covered_lines": 0, "num_statements": 2, "percent_covered": 0.0, "percent_covered_display": "0", "missing_lines": 2, "excluded_lines": 0, "percent_statements_covered": 0.0, "percent_statements_covered_display": "0"}, "missing_lines": [200, 202], "excluded_lines": [], "start_line": 199}, "get_run_detail": {"executed_lines": [], "summary": {"covered_lines": 0, "num_statements": 7, "percent_covered": 0.0, "percent_covered_display": "0", "missing_lines": 7, "excluded_lines": 0, "percent_statements_covered": 0.0, "percent_statements_covered_display": "0"}, "missing_lines": [207, 209, 210, 211, 212, 213, 214], "excluded_lines": [], "start_line": 206}, "promote_run_route": {"executed_lines": [], "summary": {"covered_lines": 0, "num_statements": 7, "percent_covered": 0.0, "percent_covered_display": "0", "missing_lines": 7, "excluded_lines": 0, "percent_statements_covered": 0.0, "percent_statements_covered_display": "0"}, "missing_lines": [219, 221, 222, 223, 224, 225, 226], "excluded_lines": [], "start_line": 218}, "get_fairness_report": {"executed_lines": [], "summary": {"covered_lines": 0, "num_statements": 10, "percent_covered": 0.0, "percent_covered_display": "0", "missing_lines": 10, "excluded_lines": 0, "percent_statements_covered": 0.0, "percent_statements_covered_display": "0"}, "missing_lines": [231, 233, 235, 236, 237, 238, 239, 240, 241, 242], "excluded_lines": [], "start_line": 230}, "get_threshold_points": {"executed_lines": [], "summary": {"covered_lines": 0, "num_statements": 25, "percent_covered": 0.0, "percent_covered_display": "0", "missing_lines": 25, "excluded_lines": 0, "percent_statements_covered": 0.0, "percent_statements_covered_display": "0"}, "missing_lines": [248, 249, 251, 252, 253, 255, 256, 257, 259, 260, 261, 262, 263, 264, 265, 266, 267, 268, 269, 270, 276, 277, 279, 281, 282], "excluded_lines": [], "start_line": 246}, "cancel_job_route": {"executed_lines": [], "summary": {"covered_lines": 0, "num_statements": 4, "percent_covered": 0.0, "percent_covered_display": "0", "missing_lines": 4, "excluded_lines": 0, "percent_statements_covered": 0.0, "percent_statements_covered_display": "0"}, "missing_lines": [287, 288, 289, 290], "excluded_lines": [], "start_line": 286}, "start_fairness": {"executed_lines": [], "summary": {"covered_lines": 0, "num_statements": 6, "percent_covered": 0.0, "percent_covered_display": "0", "missing_lines": 6, "excluded_lines": 0, "percent_statements_covered": 0.0, "percent_statements_covered_display": "0"}, "missing_lines": [295, 296, 297, 298, 299, 300], "excluded_lines": [], "start_line": 294}, "from_omop": {"executed_lines": [], "summary": {"covered_lines": 0, "num_statements": 8, "percent_covered": 0.0, "percent_covered_display": "0", "missing_lines": 8, "excluded_lines": 0, "percent_statements_covered": 0.0, "percent_statements_covered_display": "0"}, "missing_lines": [305, 306, 308, 309, 310, 311, 312, 313], "excluded_lines": [], "start_line": 304}, "from_fhir": {"executed_lines": [], "summary": {"covered_lines": 0, "num_statements": 8, "percent_covered": 0.0, "percent_covered_display": "0", "missing_lines": 8, "excluded_lines": 0, "percent_statements_covered": 0.0, "percent_statements_covered_display": "0"}, "missing_lines": [318, 319, 321, 322, 323, 324, 325, 326], "excluded_lines": [], "start_line": 317}, "worklist_predict": {"executed_lines": [], "summary": {"covered_lines": 0, "num_statements": 18, "percent_covered": 0.0, "percent_covered_display": "0", "missing_lines": 18, "excluded_lines": 0, "percent_statements_covered": 0.0, "percent_statements_covered_display": "0"}, "missing_lines": [331, 332, 334, 335, 336, 340, 341, 342, 343, 345, 347, 348, 349, 350, 351, 352, 356, 364], "excluded_lines": [], "start_line": 330}, "worklist_audit": {"executed_lines": [], "summary": {"covered_lines": 0, "num_statements": 2, "percent_covered": 0.0, "percent_covered_display": "0", "missing_lines": 2, "excluded_lines": 0, "percent_statements_covered": 0.0, "percent_statements_covered_display": "0"}, "missing_lines": [369, 371], "excluded_lines": [], "start_line": 368}, "framework_meta": {"executed_lines": [], "summary": {"covered_lines": 0, "num_statements": 1, "percent_covered": 0.0, "percent_covered_display": "0", "missing_lines": 1, "excluded_lines": 0, "percent_statements_covered": 0.0, "percent_statements_covered_display": "0"}, "missing_lines": [376], "excluded_lines": [], "start_line": 375}, "": {"executed_lines": [3, 5, 6, 8, 9, 11, 12, 13, 14, 16, 17, 20, 34, 35, 38, 39, 40, 41, 42, 45, 46, 47, 48, 49, 50, 51, 52, 53, 54, 55, 56, 57, 58, 59, 60, 61, 64, 65, 66, 67, 68, 69, 70, 71, 72, 73, 74, 75, 76, 77, 80, 81, 82, 83, 84, 87, 88, 89, 92, 93, 94, 97, 98, 99, 102, 103, 115, 116, 133, 134, 141, 142, 159, 160, 191, 192, 198, 199, 205, 206, 217, 218, 229, 230, 245, 246, 285, 286, 293, 294, 303, 304, 316, 317, 329, 330, 367, 368, 374, 375], "summary": {"covered_lines": 100, "num_statements": 100, "percent_covered": 100.0, "percent_covered_display": "100", "missing_lines": 0, "excluded_lines": 0, "percent_statements_covered": 100.0, "percent_statements_covered_display": "100"}, "missing_lines": [], "excluded_lines": [], "start_line": 1}}, "classes": {"MapPreviewBody": {"executed_lines": [], "summary": {"covered_lines": 0, "num_statements": 0, "percent_covered": 100.0, "percent_covered_display": "100", "missing_lines": 0, "excluded_lines": 0, "percent_statements_covered": 100.0, "percent_statements_covered_display": "100"}, "missing_lines": [], "excluded_lines": [], "start_line": 34}, "MapImportBody": {"executed_lines": [], "summary": {"covered_lines": 0, "num_statements": 0, "percent_covered": 100.0, "percent_covered_display": "100", "missing_lines": 0, "excluded_lines": 0, "percent_statements_covered": 100.0, "percent_statements_covered_display": "100"}, "missing_lines": [], "excluded_lines": [], "start_line": 38}, "WorkspaceConfigBody": {"executed_lines": [], "summary": {"covered_lines": 0, "num_statements": 0, "percent_covered": 100.0, "percent_covered_display": "100", "missing_lines": 0, "excluded_lines": 0, "percent_statements_covered": 100.0, "percent_statements_covered_display": "100"}, "missing_lines": [], "excluded_lines": [], "start_line": 45}, "TaskUpsertBody": {"executed_lines": [], "summary": {"covered_lines": 0, "num_statements": 0, "percent_covered": 100.0, "percent_covered_display": "100", "missing_lines": 0, "excluded_lines": 0, "percent_statements_covered": 100.0, "percent_statements_covered_display": "100"}, "missing_lines": [], "excluded_lines": [], "start_line": 64}, "OmopImportBody": {"executed_lines": [], "summary": {"covered_lines": 0, "num_statements": 0, "percent_covered": 100.0, "percent_covered_display": "100", "missing_lines": 0, "excluded_lines": 0, "percent_statements_covered": 100.0, "percent_statements_covered_display": "100"}, "missing_lines": [], "excluded_lines": [], "start_line": 80}, "FhirImportBody": {"executed_lines": [], "summary": {"covered_lines": 0, "num_statements": 0, "percent_covered": 100.0, "percent_covered_display": "100", "missing_lines": 0, "excluded_lines": 0, "percent_statements_covered": 100.0, "percent_statements_covered_display": "100"}, "missing_lines": [], "excluded_lines": [], "start_line": 87}, "WorklistBody": {"executed_lines": [], "summary": {"covered_lines": 0, "num_statements": 0, "percent_covered": 100.0, "percent_covered_display": "100", "missing_lines": 0, "excluded_lines": 0, "percent_statements_covered": 100.0, "percent_statements_covered_display": "100"}, "missing_lines": [], "excluded_lines": [], "start_line": 92}, "FairnessJobBody": {"executed_lines": [], "summary": {"covered_lines": 0, "num_statements": 0, "percent_covered": 100.0, "percent_covered_display": "100", "missing_lines": 0, "excluded_lines": 0, "percent_statements_covered": 100.0, "percent_statements_covered_display": "100"}, "missing_lines": [], "excluded_lines": [], "start_line": 97}, "": {"executed_lines": [3, 5, 6, 8, 9, 11, 12, 13, 14, 16, 17, 20, 34, 35, 38, 39, 40, 41, 42, 45, 46, 47, 48, 49, 50, 51, 52, 53, 54, 55, 56, 57, 58, 59, 60, 61, 64, 65, 66, 67, 68, 69, 70, 71, 72, 73, 74, 75, 76, 77, 80, 81, 82, 83, 84, 87, 88, 89, 92, 93, 94, 97, 98, 99, 102, 103, 115, 116, 133, 134, 141, 142, 159, 160, 191, 192, 198, 199, 205, 206, 217, 218, 229, 230, 245, 246, 285, 286, 293, 294, 303, 304, 316, 317, 329, 330, 367, 368, 374, 375], "summary": {"covered_lines": 100, "num_statements": 252, "percent_covered": 39.682539682539684, "percent_covered_display": "40", "missing_lines": 152, "excluded_lines": 0, "percent_statements_covered": 39.682539682539684, "percent_statements_covered_display": "40"}, "missing_lines": [21, 22, 23, 25, 26, 27, 28, 29, 30, 31, 104, 105, 107, 108, 109, 110, 111, 112, 117, 118, 120, 121, 127, 128, 129, 130, 135, 137, 138, 143, 144, 146, 147, 149, 150, 151, 152, 153, 154, 155, 156, 161, 163, 164, 166, 167, 168, 169, 170, 186, 187, 188, 193, 195, 200, 202, 207, 209, 210, 211, 212, 213, 214, 219, 221, 222, 223, 224, 225, 226, 231, 233, 235, 236, 237, 238, 239, 240, 241, 242, 248, 249, 251, 252, 253, 255, 256, 257, 259, 260, 261, 262, 263, 264, 265, 266, 267, 268, 269, 270, 276, 277, 279, 281, 282, 287, 288, 289, 290, 295, 296, 297, 298, 299, 300, 305, 306, 308, 309, 310, 311, 312, 313, 318, 319, 321, 322, 323, 324, 325, 326, 331, 332, 334, 335, 336, 340, 341, 342, 343, 345, 347, 348, 349, 350, 351, 352, 356, 364, 369, 371, 376], "excluded_lines": [], "start_line": 1}}}, "api/jobs.py": {"executed_lines": [3, 5, 6, 7, 8, 9, 10, 11, 12, 14, 16, 17, 18, 21, 22, 23, 24, 25, 26, 27, 28, 29, 30, 32, 33, 34, 38, 39, 40, 43, 44, 45, 46, 49, 50, 52, 66, 67, 68, 69, 71, 72, 76, 78, 79, 83, 84, 85, 86, 88, 89, 90, 94, 95, 96, 97, 110, 112, 113, 116, 134, 135, 136, 137, 139, 140, 142, 145, 146, 147, 148, 149, 150, 151, 152, 172, 173, 174, 176, 177, 178, 179, 180, 189, 191, 192, 193, 194, 197, 198, 208, 209, 211, 214, 220, 223, 269, 330, 391, 401, 449, 521], "summary": {"covered_lines": 102, "num_statements": 337, "percent_covered": 30.26706231454006, "percent_covered_display": "30", "missing_lines": 235, "excluded_lines": 0, "percent_statements_covered": 30.26706231454006, "percent_statements_covered_display": "30"}, "missing_lines": [35, 73, 80, 81, 82, 91, 92, 98, 99, 100, 101, 102, 103, 104, 106, 107, 108, 117, 118, 119, 120, 121, 122, 123, 124, 125, 126, 128, 129, 130, 131, 141, 143, 199, 200, 201, 203, 204, 205, 206, 207, 212, 213, 224, 225, 227, 228, 229, 230, 231, 234, 235, 236, 237, 253, 254, 255, 257, 258, 259, 260, 266, 271, 273, 274, 275, 277, 278, 279, 281, 282, 283, 284, 285, 286, 287, 288, 290, 291, 292, 293, 294, 295, 296, 297, 298, 303, 304, 305, 306, 307, 309, 310, 311, 313, 314, 315, 316, 317, 318, 319, 324, 325, 326, 327, 331, 332, 333, 335, 336, 337, 339, 340, 341, 342, 343, 344, 345, 347, 348, 349, 350, 351, 352, 354, 355, 356, 358, 359, 360, 361, 375, 376, 377, 378, 379, 380, 381, 382, 383, 388, 392, 393, 394, 395, 396, 397, 398, 403, 405, 406, 407, 408, 409, 411, 412, 413, 431, 432, 434, 435, 436, 437, 443, 444, 450, 452, 453, 454, 455, 457, 458, 459, 460, 461, 462, 463, 464, 465, 467, 468, 469, 470, 471, 472, 473, 474, 475, 476, 477, 484, 485, 486, 493, 494, 496, 497, 498, 499, 500, 501, 503, 504, 505, 506, 507, 511, 512, 514, 515, 516, 517, 518, 522, 523, 524, 526, 527, 528, 529, 530, 531, 532, 533, 534, 535, 536, 542, 543, 544, 545, 546, 547, 548, 549], "excluded_lines": [], "functions": {"JobRecord.append": {"executed_lines": [33, 34], "summary": {"covered_lines": 2, "num_statements": 3, "percent_covered": 66.66666666666667, "percent_covered_display": "67", "missing_lines": 1, "excluded_lines": 0, "percent_statements_covered": 66.66666666666667, "percent_statements_covered_display": "67"}, "missing_lines": [35], "excluded_lines": [], "start_line": 32}, "get_job": {"executed_lines": [39, 40], "summary": {"covered_lines": 2, "num_statements": 2, "percent_covered": 100.0, "percent_covered_display": "100", "missing_lines": 0, "excluded_lines": 0, "percent_statements_covered": 100.0, "percent_statements_covered_display": "100"}, "missing_lines": [], "excluded_lines": [], "start_line": 38}, "list_recent_jobs": {"executed_lines": [44, 45, 46], "summary": {"covered_lines": 3, "num_statements": 3, "percent_covered": 100.0, "percent_covered_display": "100", "missing_lines": 0, "excluded_lines": 0, "percent_statements_covered": 100.0, "percent_statements_covered_display": "100"}, "missing_lines": [], "excluded_lines": [], "start_line": 43}, "_job_public": {"executed_lines": [50, 52], "summary": {"covered_lines": 2, "num_statements": 2, "percent_covered": 100.0, "percent_covered_display": "100", "missing_lines": 0, "excluded_lines": 0, "percent_statements_covered": 100.0, "percent_statements_covered_display": "100"}, "missing_lines": [], "excluded_lines": [], "start_line": 49}, "submit_job": {"executed_lines": [67, 68, 69, 71, 72, 76, 78, 112, 113], "summary": {"covered_lines": 9, "num_statements": 10, "percent_covered": 90.0, "percent_covered_display": "90", "missing_lines": 1, "excluded_lines": 0, "percent_statements_covered": 90.0, "percent_statements_covered_display": "90"}, "missing_lines": [73], "excluded_lines": [], "start_line": 66}, "submit_job._run": {"executed_lines": [79, 83, 84, 85, 86, 88, 89, 90, 94, 95, 96, 97, 110], "summary": {"covered_lines": 13, "num_statements": 28, "percent_covered": 46.42857142857143, "percent_covered_display": "46", "missing_lines": 15, "excluded_lines": 0, "percent_statements_covered": 46.42857142857143, "percent_statements_covered_display": "46"}, "missing_lines": [80, 81, 82, 91, 92, 98, 99, 100, 101, 102, 103, 104, 106, 107, 108], "excluded_lines": [], "start_line": 78}, "cancel_job": {"executed_lines": [], "summary": {"covered_lines": 0, "num_statements": 14, "percent_covered": 0.0, "percent_covered_display": "0", "missing_lines": 14, "excluded_lines": 0, "percent_statements_covered": 0.0, "percent_statements_covered_display": "0"}, "missing_lines": [117, 118, 119, 120, 121, 122, 123, 124, 125, 126, 128, 129, 130, 131], "excluded_lines": [], "start_line": 116}, "run_train_job": {"executed_lines": [135, 136, 137, 139, 140, 142, 145, 146, 147, 148, 149, 150, 151, 152, 172, 173, 174, 176, 177, 178, 179, 180, 189, 191, 192, 193, 194, 197, 198, 208, 209, 211, 214, 220], "summary": {"covered_lines": 34, "num_statements": 46, "percent_covered": 73.91304347826087, "percent_covered_display": "74", "missing_lines": 12, "excluded_lines": 0, "percent_statements_covered": 73.91304347826087, "percent_statements_covered_display": "74"}, "missing_lines": [141, 143, 199, 200, 201, 203, 204, 205, 206, 207, 212, 213], "excluded_lines": [], "start_line": 134}, "run_compare_job": {"executed_lines": [], "summary": {"covered_lines": 0, "num_statements": 19, "percent_covered": 0.0, "percent_covered_display": "0", "missing_lines": 19, "excluded_lines": 0, "percent_statements_covered": 0.0, "percent_statements_covered_display": "0"}, "missing_lines": [224, 225, 227, 228, 229, 230, 231, 234, 235, 236, 237, 253, 254, 255, 257, 258, 259, 260, 266], "excluded_lines": [], "start_line": 223}, "run_fairness_job": {"executed_lines": [], "summary": {"covered_lines": 0, "num_statements": 43, "percent_covered": 0.0, "percent_covered_display": "0", "missing_lines": 43, "excluded_lines": 0, "percent_statements_covered": 0.0, "percent_statements_covered_display": "0"}, "missing_lines": [271, 273, 274, 275, 277, 278, 279, 281, 282, 283, 284, 285, 286, 287, 288, 290, 291, 292, 293, 294, 295, 296, 297, 298, 303, 304, 305, 306, 307, 309, 310, 311, 313, 314, 315, 316, 317, 318, 319, 324, 325, 326, 327], "excluded_lines": [], "start_line": 269}, "run_leakage_audit_job": {"executed_lines": [], "summary": {"covered_lines": 0, "num_statements": 36, "percent_covered": 0.0, "percent_covered_display": "0", "missing_lines": 36, "excluded_lines": 0, "percent_statements_covered": 0.0, "percent_statements_covered_display": "0"}, "missing_lines": [331, 332, 333, 335, 336, 337, 339, 340, 341, 342, 343, 344, 345, 347, 348, 349, 350, 351, 352, 354, 355, 356, 358, 359, 360, 361, 375, 376, 377, 378, 379, 380, 381, 382, 383, 388], "excluded_lines": [], "start_line": 330}, "_audit_passed": {"executed_lines": [], "summary": {"covered_lines": 0, "num_statements": 7, "percent_covered": 0.0, "percent_covered_display": "0", "missing_lines": 7, "excluded_lines": 0, "percent_statements_covered": 0.0, "percent_statements_covered_display": "0"}, "missing_lines": [392, 393, 394, 395, 396, 397, 398], "excluded_lines": [], "start_line": 391}, "run_hpo_job": {"executed_lines": [], "summary": {"covered_lines": 0, "num_statements": 17, "percent_covered": 0.0, "percent_covered_display": "0", "missing_lines": 17, "excluded_lines": 0, "percent_statements_covered": 0.0, "percent_statements_covered_display": "0"}, "missing_lines": [403, 405, 406, 407, 408, 409, 411, 412, 413, 431, 432, 434, 435, 436, 437, 443, 444], "excluded_lines": [], "start_line": 401}, "run_shap_job": {"executed_lines": [], "summary": {"covered_lines": 0, "num_statements": 48, "percent_covered": 0.0, "percent_covered_display": "0", "missing_lines": 48, "excluded_lines": 0, "percent_statements_covered": 0.0, "percent_statements_covered_display": "0"}, "missing_lines": [450, 452, 453, 454, 455, 457, 458, 459, 460, 461, 462, 463, 464, 465, 467, 468, 469, 470, 471, 472, 473, 474, 475, 476, 477, 484, 485, 486, 493, 494, 496, 497, 498, 499, 500, 501, 503, 504, 505, 506, 507, 511, 512, 514, 515, 516, 517, 518], "excluded_lines": [], "start_line": 449}, "run_external_validate_job": {"executed_lines": [], "summary": {"covered_lines": 0, "num_statements": 22, "percent_covered": 0.0, "percent_covered_display": "0", "missing_lines": 22, "excluded_lines": 0, "percent_statements_covered": 0.0, "percent_statements_covered_display": "0"}, "missing_lines": [522, 523, 524, 526, 527, 528, 529, 530, 531, 532, 533, 534, 535, 536, 542, 543, 544, 545, 546, 547, 548, 549], "excluded_lines": [], "start_line": 521}, "": {"executed_lines": [3, 5, 6, 7, 8, 9, 10, 11, 12, 14, 16, 17, 18, 21, 22, 23, 24, 25, 26, 27, 28, 29, 30, 32, 38, 43, 49, 66, 116, 134, 223, 269, 330, 391, 401, 449, 521], "summary": {"covered_lines": 37, "num_statements": 37, "percent_covered": 100.0, "percent_covered_display": "100", "missing_lines": 0, "excluded_lines": 0, "percent_statements_covered": 100.0, "percent_statements_covered_display": "100"}, "missing_lines": [], "excluded_lines": [], "start_line": 1}}, "classes": {"JobRecord": {"executed_lines": [33, 34], "summary": {"covered_lines": 2, "num_statements": 3, "percent_covered": 66.66666666666667, "percent_covered_display": "67", "missing_lines": 1, "excluded_lines": 0, "percent_statements_covered": 66.66666666666667, "percent_statements_covered_display": "67"}, "missing_lines": [35], "excluded_lines": [], "start_line": 22}, "": {"executed_lines": [3, 5, 6, 7, 8, 9, 10, 11, 12, 14, 16, 17, 18, 21, 22, 23, 24, 25, 26, 27, 28, 29, 30, 32, 38, 39, 40, 43, 44, 45, 46, 49, 50, 52, 66, 67, 68, 69, 71, 72, 76, 78, 79, 83, 84, 85, 86, 88, 89, 90, 94, 95, 96, 97, 110, 112, 113, 116, 134, 135, 136, 137, 139, 140, 142, 145, 146, 147, 148, 149, 150, 151, 152, 172, 173, 174, 176, 177, 178, 179, 180, 189, 191, 192, 193, 194, 197, 198, 208, 209, 211, 214, 220, 223, 269, 330, 391, 401, 449, 521], "summary": {"covered_lines": 100, "num_statements": 334, "percent_covered": 29.940119760479043, "percent_covered_display": "30", "missing_lines": 234, "excluded_lines": 0, "percent_statements_covered": 29.940119760479043, "percent_statements_covered_display": "30"}, "missing_lines": [73, 80, 81, 82, 91, 92, 98, 99, 100, 101, 102, 103, 104, 106, 107, 108, 117, 118, 119, 120, 121, 122, 123, 124, 125, 126, 128, 129, 130, 131, 141, 143, 199, 200, 201, 203, 204, 205, 206, 207, 212, 213, 224, 225, 227, 228, 229, 230, 231, 234, 235, 236, 237, 253, 254, 255, 257, 258, 259, 260, 266, 271, 273, 274, 275, 277, 278, 279, 281, 282, 283, 284, 285, 286, 287, 288, 290, 291, 292, 293, 294, 295, 296, 297, 298, 303, 304, 305, 306, 307, 309, 310, 311, 313, 314, 315, 316, 317, 318, 319, 324, 325, 326, 327, 331, 332, 333, 335, 336, 337, 339, 340, 341, 342, 343, 344, 345, 347, 348, 349, 350, 351, 352, 354, 355, 356, 358, 359, 360, 361, 375, 376, 377, 378, 379, 380, 381, 382, 383, 388, 392, 393, 394, 395, 396, 397, 398, 403, 405, 406, 407, 408, 409, 411, 412, 413, 431, 432, 434, 435, 436, 437, 443, 444, 450, 452, 453, 454, 455, 457, 458, 459, 460, 461, 462, 463, 464, 465, 467, 468, 469, 470, 471, 472, 473, 474, 475, 476, 477, 484, 485, 486, 493, 494, 496, 497, 498, 499, 500, 501, 503, 504, 505, 506, 507, 511, 512, 514, 515, 516, 517, 518, 522, 523, 524, 526, 527, 528, 529, 530, 531, 532, 533, 534, 535, 536, 542, 543, 544, 545, 546, 547, 548, 549], "excluded_lines": [], "start_line": 1}}}, "api/main.py": {"executed_lines": [1, 2, 3, 4, 5, 6, 8, 9, 10, 11, 13, 14, 15, 16, 17, 18, 20, 21, 22, 23, 24, 25, 27, 29, 32, 33, 43, 51, 52, 60, 62, 63, 64, 66, 68, 69, 72, 75, 76, 77, 78, 81, 84, 86, 87, 88, 94, 97, 100, 101, 110, 115, 118, 125, 126, 145, 146, 156, 157, 184, 185, 213, 214, 224, 225, 249, 250, 266, 267, 285, 286, 303, 304], "summary": {"covered_lines": 73, "num_statements": 134, "percent_covered": 54.47761194029851, "percent_covered_display": "54", "missing_lines": 61, "excluded_lines": 0, "percent_statements_covered": 54.47761194029851, "percent_statements_covered_display": "54"}, "missing_lines": [34, 35, 36, 38, 39, 40, 65, 89, 90, 91, 102, 103, 107, 112, 119, 120, 121, 122, 127, 148, 149, 159, 160, 161, 169, 170, 171, 172, 181, 187, 215, 227, 228, 229, 233, 234, 235, 246, 256, 257, 258, 273, 274, 280, 281, 282, 292, 293, 298, 299, 300, 313, 314, 315, 316, 317, 318, 319, 324, 325, 326], "excluded_lines": [], "functions": {"lifespan": {"executed_lines": [], "summary": {"covered_lines": 0, "num_statements": 6, "percent_covered": 0.0, "percent_covered_display": "0", "missing_lines": 6, "excluded_lines": 0, "percent_statements_covered": 0.0, "percent_statements_covered_display": "0"}, "missing_lines": [34, 35, 36, 38, 39, 40], "excluded_lines": [], "start_line": 33}, "FeaturesDict.non_empty": {"executed_lines": [], "summary": {"covered_lines": 0, "num_statements": 3, "percent_covered": 0.0, "percent_covered_display": "0", "missing_lines": 3, "excluded_lines": 0, "percent_statements_covered": 0.0, "percent_statements_covered_display": "0"}, "missing_lines": [89, 90, 91], "excluded_lines": [], "start_line": 88}, "get_artifact": {"executed_lines": [], "summary": {"covered_lines": 0, "num_statements": 3, "percent_covered": 0.0, "percent_covered_display": "0", "missing_lines": 3, "excluded_lines": 0, "percent_statements_covered": 0.0, "percent_statements_covered_display": "0"}, "missing_lines": [102, 103, 107], "excluded_lines": [], "start_line": 101}, "artifact_dep": {"executed_lines": [], "summary": {"covered_lines": 0, "num_statements": 1, "percent_covered": 0.0, "percent_covered_display": "0", "missing_lines": 1, "excluded_lines": 0, "percent_statements_covered": 0.0, "percent_statements_covered_display": "0"}, "missing_lines": [112], "excluded_lines": [], "start_line": 110}, "_predict_row_http": {"executed_lines": [], "summary": {"covered_lines": 0, "num_statements": 4, "percent_covered": 0.0, "percent_covered_display": "0", "missing_lines": 4, "excluded_lines": 0, "percent_statements_covered": 0.0, "percent_statements_covered_display": "0"}, "missing_lines": [119, 120, 121, 122], "excluded_lines": [], "start_line": 118}, "home": {"executed_lines": [], "summary": {"covered_lines": 0, "num_statements": 1, "percent_covered": 0.0, "percent_covered_display": "0", "missing_lines": 1, "excluded_lines": 0, "percent_statements_covered": 0.0, "percent_statements_covered_display": "0"}, "missing_lines": [127], "excluded_lines": [], "start_line": 126}, "health": {"executed_lines": [], "summary": {"covered_lines": 0, "num_statements": 2, "percent_covered": 0.0, "percent_covered_display": "0", "missing_lines": 2, "excluded_lines": 0, "percent_statements_covered": 0.0, "percent_statements_covered_display": "0"}, "missing_lines": [148, 149], "excluded_lines": [], "start_line": 146}, "readiness": {"executed_lines": [], "summary": {"covered_lines": 0, "num_statements": 8, "percent_covered": 0.0, "percent_covered_display": "0", "missing_lines": 8, "excluded_lines": 0, "percent_statements_covered": 0.0, "percent_statements_covered_display": "0"}, "missing_lines": [159, 160, 161, 169, 170, 171, 172, 181], "excluded_lines": [], "start_line": 157}, "api_meta": {"executed_lines": [], "summary": {"covered_lines": 0, "num_statements": 1, "percent_covered": 0.0, "percent_covered_display": "0", "missing_lines": 1, "excluded_lines": 0, "percent_statements_covered": 0.0, "percent_statements_covered_display": "0"}, "missing_lines": [187], "excluded_lines": [], "start_line": 185}, "model_schema": {"executed_lines": [], "summary": {"covered_lines": 0, "num_statements": 1, "percent_covered": 0.0, "percent_covered_display": "0", "missing_lines": 1, "excluded_lines": 0, "percent_statements_covered": 0.0, "percent_statements_covered_display": "0"}, "missing_lines": [215], "excluded_lines": [], "start_line": 214}, "model_metrics": {"executed_lines": [], "summary": {"covered_lines": 0, "num_statements": 7, "percent_covered": 0.0, "percent_covered_display": "0", "missing_lines": 7, "excluded_lines": 0, "percent_statements_covered": 0.0, "percent_statements_covered_display": "0"}, "missing_lines": [227, 228, 229, 233, 234, 235, 246], "excluded_lines": [], "start_line": 225}, "predict_legacy": {"executed_lines": [], "summary": {"covered_lines": 0, "num_statements": 3, "percent_covered": 0.0, "percent_covered_display": "0", "missing_lines": 3, "excluded_lines": 0, "percent_statements_covered": 0.0, "percent_statements_covered_display": "0"}, "missing_lines": [256, 257, 258], "excluded_lines": [], "start_line": 250}, "predict_v1": {"executed_lines": [], "summary": {"covered_lines": 0, "num_statements": 5, "percent_covered": 0.0, "percent_covered_display": "0", "missing_lines": 5, "excluded_lines": 0, "percent_statements_covered": 0.0, "percent_statements_covered_display": "0"}, "missing_lines": [273, 274, 280, 281, 282], "excluded_lines": [], "start_line": 267}, "explain_endpoint": {"executed_lines": [], "summary": {"covered_lines": 0, "num_statements": 5, "percent_covered": 0.0, "percent_covered_display": "0", "missing_lines": 5, "excluded_lines": 0, "percent_statements_covered": 0.0, "percent_statements_covered_display": "0"}, "missing_lines": [292, 293, 298, 299, 300], "excluded_lines": [], "start_line": 286}, "predict_raw": {"executed_lines": [], "summary": {"covered_lines": 0, "num_statements": 10, "percent_covered": 0.0, "percent_covered_display": "0", "missing_lines": 10, "excluded_lines": 0, "percent_statements_covered": 0.0, "percent_statements_covered_display": "0"}, "missing_lines": [313, 314, 315, 316, 317, 318, 319, 324, 325, 326], "excluded_lines": [], "start_line": 304}, "": {"executed_lines": [1, 2, 3, 4, 5, 6, 8, 9, 10, 11, 13, 14, 15, 16, 17, 18, 20, 21, 22, 23, 24, 25, 27, 29, 32, 33, 43, 51, 52, 60, 62, 63, 64, 66, 68, 69, 72, 75, 76, 77, 78, 81, 84, 86, 87, 88, 94, 97, 100, 101, 110, 115, 118, 125, 126, 145, 146, 156, 157, 184, 185, 213, 214, 224, 225, 249, 250, 266, 267, 285, 286, 303, 304], "summary": {"covered_lines": 73, "num_statements": 74, "percent_covered": 98.64864864864865, "percent_covered_display": "99", "missing_lines": 1, "excluded_lines": 0, "percent_statements_covered": 98.64864864864865, "percent_statements_covered_display": "99"}, "missing_lines": [65], "excluded_lines": [], "start_line": 1}}, "classes": {"PatientFeaturesV1": {"executed_lines": [], "summary": {"covered_lines": 0, "num_statements": 0, "percent_covered": 100.0, "percent_covered_display": "100", "missing_lines": 0, "excluded_lines": 0, "percent_statements_covered": 100.0, "percent_statements_covered_display": "100"}, "missing_lines": [], "excluded_lines": [], "start_line": 72}, "FeaturesDict": {"executed_lines": [], "summary": {"covered_lines": 0, "num_statements": 3, "percent_covered": 0.0, "percent_covered_display": "0", "missing_lines": 3, "excluded_lines": 0, "percent_statements_covered": 0.0, "percent_statements_covered_display": "0"}, "missing_lines": [89, 90, 91], "excluded_lines": [], "start_line": 81}, "PredictFeaturesBody": {"executed_lines": [], "summary": {"covered_lines": 0, "num_statements": 0, "percent_covered": 100.0, "percent_covered_display": "100", "missing_lines": 0, "excluded_lines": 0, "percent_statements_covered": 100.0, "percent_statements_covered_display": "100"}, "missing_lines": [], "excluded_lines": [], "start_line": 94}, "": {"executed_lines": [1, 2, 3, 4, 5, 6, 8, 9, 10, 11, 13, 14, 15, 16, 17, 18, 20, 21, 22, 23, 24, 25, 27, 29, 32, 33, 43, 51, 52, 60, 62, 63, 64, 66, 68, 69, 72, 75, 76, 77, 78, 81, 84, 86, 87, 88, 94, 97, 100, 101, 110, 115, 118, 125, 126, 145, 146, 156, 157, 184, 185, 213, 214, 224, 225, 249, 250, 266, 267, 285, 286, 303, 304], "summary": {"covered_lines": 73, "num_statements": 131, "percent_covered": 55.725190839694655, "percent_covered_display": "56", "missing_lines": 58, "excluded_lines": 0, "percent_statements_covered": 55.725190839694655, "percent_statements_covered_display": "56"}, "missing_lines": [34, 35, 36, 38, 39, 40, 65, 102, 103, 107, 112, 119, 120, 121, 122, 127, 148, 149, 159, 160, 161, 169, 170, 171, 172, 181, 187, 215, 227, 228, 229, 233, 234, 235, 246, 256, 257, 258, 273, 274, 280, 281, 282, 292, 293, 298, 299, 300, 313, 314, 315, 316, 317, 318, 319, 324, 325, 326], "excluded_lines": [], "start_line": 1}}}, "api/middleware.py": {"executed_lines": [3, 5, 6, 7, 8, 9, 11, 12, 14, 16, 19, 32, 33, 34, 35, 36, 37, 38, 42, 43, 44, 52, 67, 68, 69, 72], "summary": {"covered_lines": 26, "num_statements": 42, "percent_covered": 61.904761904761905, "percent_covered_display": "62", "missing_lines": 16, "excluded_lines": 0, "percent_statements_covered": 61.904761904761905, "percent_statements_covered_display": "62"}, "missing_lines": [20, 21, 22, 39, 40, 41, 53, 62, 63, 64, 65, 66, 73, 74, 75, 76], "excluded_lines": [], "functions": {"_should_audit": {"executed_lines": [], "summary": {"covered_lines": 0, "num_statements": 3, "percent_covered": 0.0, "percent_covered_display": "0", "missing_lines": 3, "excluded_lines": 0, "percent_statements_covered": 0.0, "percent_statements_covered_display": "0"}, "missing_lines": [20, 21, 22], "excluded_lines": [], "start_line": 19}, "RequestContextMiddleware.dispatch": {"executed_lines": [34, 35, 36, 37, 38, 42, 43, 44, 52, 67, 68, 69], "summary": {"covered_lines": 12, "num_statements": 21, "percent_covered": 57.142857142857146, "percent_covered_display": "57", "missing_lines": 9, "excluded_lines": 0, "percent_statements_covered": 57.142857142857146, "percent_statements_covered_display": "57"}, "missing_lines": [39, 40, 41, 53, 62, 63, 64, 65, 66], "excluded_lines": [], "start_line": 33}, "configure_api_logging": {"executed_lines": [], "summary": {"covered_lines": 0, "num_statements": 4, "percent_covered": 0.0, "percent_covered_display": "0", "missing_lines": 4, "excluded_lines": 0, "percent_statements_covered": 0.0, "percent_statements_covered_display": "0"}, "missing_lines": [73, 74, 75, 76], "excluded_lines": [], "start_line": 72}, "": {"executed_lines": [3, 5, 6, 7, 8, 9, 11, 12, 14, 16, 19, 32, 33, 72], "summary": {"covered_lines": 14, "num_statements": 14, "percent_covered": 100.0, "percent_covered_display": "100", "missing_lines": 0, "excluded_lines": 0, "percent_statements_covered": 100.0, "percent_statements_covered_display": "100"}, "missing_lines": [], "excluded_lines": [], "start_line": 1}}, "classes": {"RequestContextMiddleware": {"executed_lines": [34, 35, 36, 37, 38, 42, 43, 44, 52, 67, 68, 69], "summary": {"covered_lines": 12, "num_statements": 21, "percent_covered": 57.142857142857146, "percent_covered_display": "57", "missing_lines": 9, "excluded_lines": 0, "percent_statements_covered": 57.142857142857146, "percent_statements_covered_display": "57"}, "missing_lines": [39, 40, 41, 53, 62, 63, 64, 65, 66], "excluded_lines": [], "start_line": 32}, "": {"executed_lines": [3, 5, 6, 7, 8, 9, 11, 12, 14, 16, 19, 32, 33, 72], "summary": {"covered_lines": 14, "num_statements": 21, "percent_covered": 66.66666666666667, "percent_covered_display": "67", "missing_lines": 7, "excluded_lines": 0, "percent_statements_covered": 66.66666666666667, "percent_statements_covered_display": "67"}, "missing_lines": [20, 21, 22, 73, 74, 75, 76], "excluded_lines": [], "start_line": 1}}}, "api/production_middleware.py": {"executed_lines": [3, 5, 6, 7, 9, 10, 11, 14, 17, 18, 19, 21, 22, 23, 24, 25, 26, 27, 36, 39, 42, 48], "summary": {"covered_lines": 22, "num_statements": 40, "percent_covered": 55.0, "percent_covered_display": "55", "missing_lines": 18, "excluded_lines": 0, "percent_statements_covered": 55.0, "percent_statements_covered_display": "55"}, "missing_lines": [28, 34, 35, 43, 44, 45, 46, 49, 50, 51, 52, 53, 54, 55, 56, 57, 62, 63], "excluded_lines": [], "functions": {"BodySizeLimitMiddleware.__init__": {"executed_lines": [18, 19], "summary": {"covered_lines": 2, "num_statements": 2, "percent_covered": 100.0, "percent_covered_display": "100", "missing_lines": 0, "excluded_lines": 0, "percent_statements_covered": 100.0, "percent_statements_covered_display": "100"}, "missing_lines": [], "excluded_lines": [], "start_line": 17}, "BodySizeLimitMiddleware.dispatch": {"executed_lines": [22, 23, 24, 25, 26, 27, 36], "summary": {"covered_lines": 7, "num_statements": 10, "percent_covered": 70.0, "percent_covered_display": "70", "missing_lines": 3, "excluded_lines": 0, "percent_statements_covered": 70.0, "percent_statements_covered_display": "70"}, "missing_lines": [28, 34, 35], "excluded_lines": [], "start_line": 21}, "RateLimitMiddleware.__init__": {"executed_lines": [], "summary": {"covered_lines": 0, "num_statements": 4, "percent_covered": 0.0, "percent_covered_display": "0", "missing_lines": 4, "excluded_lines": 0, "percent_statements_covered": 0.0, "percent_statements_covered_display": "0"}, "missing_lines": [43, 44, 45, 46], "excluded_lines": [], "start_line": 42}, "RateLimitMiddleware.dispatch": {"executed_lines": [], "summary": {"covered_lines": 0, "num_statements": 11, "percent_covered": 0.0, "percent_covered_display": "0", "missing_lines": 11, "excluded_lines": 0, "percent_statements_covered": 0.0, "percent_statements_covered_display": "0"}, "missing_lines": [49, 50, 51, 52, 53, 54, 55, 56, 57, 62, 63], "excluded_lines": [], "start_line": 48}, "": {"executed_lines": [3, 5, 6, 7, 9, 10, 11, 14, 17, 21, 39, 42, 48], "summary": {"covered_lines": 13, "num_statements": 13, "percent_covered": 100.0, "percent_covered_display": "100", "missing_lines": 0, "excluded_lines": 0, "percent_statements_covered": 100.0, "percent_statements_covered_display": "100"}, "missing_lines": [], "excluded_lines": [], "start_line": 1}}, "classes": {"BodySizeLimitMiddleware": {"executed_lines": [18, 19, 22, 23, 24, 25, 26, 27, 36], "summary": {"covered_lines": 9, "num_statements": 12, "percent_covered": 75.0, "percent_covered_display": "75", "missing_lines": 3, "excluded_lines": 0, "percent_statements_covered": 75.0, "percent_statements_covered_display": "75"}, "missing_lines": [28, 34, 35], "excluded_lines": [], "start_line": 14}, "RateLimitMiddleware": {"executed_lines": [], "summary": {"covered_lines": 0, "num_statements": 15, "percent_covered": 0.0, "percent_covered_display": "0", "missing_lines": 15, "excluded_lines": 0, "percent_statements_covered": 0.0, "percent_statements_covered_display": "0"}, "missing_lines": [43, 44, 45, 46, 49, 50, 51, 52, 53, 54, 55, 56, 57, 62, 63], "excluded_lines": [], "start_line": 39}, "": {"executed_lines": [3, 5, 6, 7, 9, 10, 11, 14, 17, 21, 39, 42, 48], "summary": {"covered_lines": 13, "num_statements": 13, "percent_covered": 100.0, "percent_covered_display": "100", "missing_lines": 0, "excluded_lines": 0, "percent_statements_covered": 100.0, "percent_statements_covered_display": "100"}, "missing_lines": [], "excluded_lines": [], "start_line": 1}}}, "api/researcher_routes.py": {"executed_lines": [3, 5, 6, 7, 8, 10, 11, 12, 14, 22, 34, 35, 42, 43, 44, 46, 47, 49, 50, 52, 88, 106, 111, 112, 113, 114, 140, 141, 142, 143, 144, 145, 146, 147, 148, 149, 150, 151, 152, 153, 154, 155, 156, 157, 160, 161, 162, 163, 164, 165, 166, 167, 168, 169, 170, 171, 172, 173, 174, 175, 178, 179, 180, 181, 182, 183, 184, 185, 186, 187, 188, 189, 190, 193, 194, 197, 198, 199, 200, 201, 204, 205, 206, 207, 208, 209, 210, 211, 212, 213, 214, 215, 216, 217, 218, 219, 220, 221, 224, 225, 226, 229, 230, 231, 232, 235, 236, 237, 240, 241, 242, 243, 246, 249, 250, 251, 252, 253, 254, 255, 256, 257, 258, 259, 260, 261, 264, 265, 302, 303, 352, 353, 359, 360, 371, 372, 383, 384, 398, 399, 413, 414, 421, 422, 429, 430, 452, 453, 454, 455, 456, 458, 459, 461, 462, 473, 475, 477, 496, 497, 500, 501, 504, 521, 522, 524, 525, 526, 527, 530, 533, 534, 593, 594, 609, 610, 619, 620, 633, 634, 657, 658, 702, 703, 704, 705, 707, 710, 711, 715, 716, 717, 718, 719, 724, 725, 726, 727, 732, 733, 734, 739, 740, 741, 746, 747, 748, 753, 754, 755, 760, 761, 762, 763, 764, 765, 766, 767, 769, 770, 771, 774, 794, 795, 834, 835, 850, 851, 864, 865], "summary": {"covered_lines": 230, "num_statements": 528, "percent_covered": 43.56060606060606, "percent_covered_display": "44", "missing_lines": 298, "excluded_lines": 0, "percent_statements_covered": 43.56060606060606, "percent_statements_covered_display": "44"}, "missing_lines": [115, 116, 118, 119, 120, 121, 122, 123, 124, 125, 133, 134, 135, 137, 238, 244, 245, 262, 263, 311, 312, 313, 314, 315, 316, 323, 324, 325, 326, 327, 328, 329, 330, 331, 344, 354, 356, 361, 363, 364, 365, 366, 367, 368, 373, 375, 376, 377, 378, 379, 380, 386, 387, 388, 389, 390, 391, 392, 393, 394, 395, 401, 403, 404, 405, 406, 407, 408, 409, 410, 415, 416, 417, 418, 423, 424, 425, 426, 437, 438, 446, 447, 448, 449, 474, 476, 478, 480, 481, 482, 483, 484, 485, 486, 487, 488, 489, 490, 491, 492, 493, 494, 495, 498, 502, 503, 505, 506, 507, 508, 512, 513, 523, 528, 529, 535, 536, 538, 539, 540, 541, 551, 552, 553, 554, 555, 556, 558, 559, 560, 561, 562, 563, 564, 565, 566, 567, 568, 569, 570, 571, 572, 573, 574, 582, 583, 584, 585, 586, 587, 588, 589, 590, 595, 596, 597, 598, 599, 602, 603, 604, 605, 606, 611, 612, 613, 614, 615, 616, 621, 622, 623, 624, 625, 626, 627, 628, 629, 630, 635, 636, 637, 639, 640, 641, 642, 643, 644, 645, 646, 647, 648, 649, 650, 651, 652, 653, 654, 659, 661, 662, 663, 665, 666, 667, 668, 669, 670, 671, 672, 673, 674, 675, 676, 677, 678, 679, 680, 681, 682, 683, 691, 692, 693, 694, 695, 696, 697, 698, 699, 706, 712, 720, 721, 722, 723, 728, 729, 730, 731, 735, 736, 737, 738, 742, 743, 744, 745, 749, 750, 751, 752, 756, 757, 758, 759, 797, 798, 799, 801, 802, 803, 804, 805, 806, 807, 808, 809, 813, 814, 815, 816, 817, 818, 819, 823, 836, 837, 838, 839, 840, 841, 842, 843, 853, 854, 855, 856, 857, 866, 867, 868, 869, 870, 871, 872, 876, 877], "excluded_lines": [], "functions": {"_validate_index_column_or_clear": {"executed_lines": [111, 112, 113, 114], "summary": {"covered_lines": 4, "num_statements": 18, "percent_covered": 22.22222222222222, "percent_covered_display": "22", "missing_lines": 14, "excluded_lines": 0, "percent_statements_covered": 22.22222222222222, "percent_statements_covered_display": "22"}, "missing_lines": [115, 116, 118, 119, 120, 121, 122, 123, 124, 125, 133, 134, 135, 137], "excluded_lines": [], "start_line": 106}, "_resolve_under_project": {"executed_lines": [236, 237, 240, 241, 242, 243, 246], "summary": {"covered_lines": 7, "num_statements": 10, "percent_covered": 70.0, "percent_covered_display": "70", "missing_lines": 3, "excluded_lines": 0, "percent_statements_covered": 70.0, "percent_statements_covered_display": "70"}, "missing_lines": [238, 244, 245], "excluded_lines": [], "start_line": 235}, "workspace_status": {"executed_lines": [251, 252, 253, 254, 255, 256, 257, 258, 259, 260, 261, 264, 265], "summary": {"covered_lines": 13, "num_statements": 15, "percent_covered": 86.66666666666667, "percent_covered_display": "87", "missing_lines": 2, "excluded_lines": 0, "percent_statements_covered": 86.66666666666667, "percent_statements_covered_display": "87"}, "missing_lines": [262, 263], "excluded_lines": [], "start_line": 250}, "list_datasets": {"executed_lines": [], "summary": {"covered_lines": 0, "num_statements": 16, "percent_covered": 0.0, "percent_covered_display": "0", "missing_lines": 16, "excluded_lines": 0, "percent_statements_covered": 0.0, "percent_statements_covered_display": "0"}, "missing_lines": [311, 312, 313, 314, 315, 316, 323, 324, 325, 326, 327, 328, 329, 330, 331, 344], "excluded_lines": [], "start_line": 303}, "list_prediction_tasks": {"executed_lines": [], "summary": {"covered_lines": 0, "num_statements": 2, "percent_covered": 0.0, "percent_covered_display": "0", "missing_lines": 2, "excluded_lines": 0, "percent_statements_covered": 0.0, "percent_statements_covered_display": "0"}, "missing_lines": [354, 356], "excluded_lines": [], "start_line": 353}, "get_prediction_task": {"executed_lines": [], "summary": {"covered_lines": 0, "num_statements": 7, "percent_covered": 0.0, "percent_covered_display": "0", "missing_lines": 7, "excluded_lines": 0, "percent_statements_covered": 0.0, "percent_statements_covered_display": "0"}, "missing_lines": [361, 363, 364, 365, 366, 367, 368], "excluded_lines": [], "start_line": 360}, "dataset_health": {"executed_lines": [], "summary": {"covered_lines": 0, "num_statements": 7, "percent_covered": 0.0, "percent_covered_display": "0", "missing_lines": 7, "excluded_lines": 0, "percent_statements_covered": 0.0, "percent_statements_covered_display": "0"}, "missing_lines": [373, 375, 376, 377, 378, 379, 380], "excluded_lines": [], "start_line": 372}, "upload_dataset": {"executed_lines": [], "summary": {"covered_lines": 0, "num_statements": 10, "percent_covered": 0.0, "percent_covered_display": "0", "missing_lines": 10, "excluded_lines": 0, "percent_statements_covered": 0.0, "percent_statements_covered_display": "0"}, "missing_lines": [386, 387, 388, 389, 390, 391, 392, 393, 394, 395], "excluded_lines": [], "start_line": 384}, "delete_dataset": {"executed_lines": [], "summary": {"covered_lines": 0, "num_statements": 9, "percent_covered": 0.0, "percent_covered_display": "0", "missing_lines": 9, "excluded_lines": 0, "percent_statements_covered": 0.0, "percent_statements_covered_display": "0"}, "missing_lines": [401, 403, 404, 405, 406, 407, 408, 409, 410], "excluded_lines": [], "start_line": 399}, "dataset_from_form": {"executed_lines": [], "summary": {"covered_lines": 0, "num_statements": 4, "percent_covered": 0.0, "percent_covered_display": "0", "missing_lines": 4, "excluded_lines": 0, "percent_statements_covered": 0.0, "percent_statements_covered_display": "0"}, "missing_lines": [415, 416, 417, 418], "excluded_lines": [], "start_line": 414}, "dataset_from_sql": {"executed_lines": [], "summary": {"covered_lines": 0, "num_statements": 4, "percent_covered": 0.0, "percent_covered_display": "0", "missing_lines": 4, "excluded_lines": 0, "percent_statements_covered": 0.0, "percent_statements_covered_display": "0"}, "missing_lines": [423, 424, 425, 426], "excluded_lines": [], "start_line": 422}, "dataset_profile": {"executed_lines": [], "summary": {"covered_lines": 0, "num_statements": 6, "percent_covered": 0.0, "percent_covered_display": "0", "missing_lines": 6, "excluded_lines": 0, "percent_statements_covered": 0.0, "percent_statements_covered_display": "0"}, "missing_lines": [437, 438, 446, 447, 448, 449], "excluded_lines": [], "start_line": 430}, "start_train": {"executed_lines": [454, 455, 456, 458, 459, 461, 462, 473, 475, 477, 496, 497, 500, 501, 504, 521, 522, 524, 525, 526, 527, 530], "summary": {"covered_lines": 22, "num_statements": 53, "percent_covered": 41.509433962264154, "percent_covered_display": "42", "missing_lines": 31, "excluded_lines": 0, "percent_statements_covered": 41.509433962264154, "percent_statements_covered_display": "42"}, "missing_lines": [474, 476, 478, 480, 481, 482, 483, 484, 485, 486, 487, 488, 489, 490, 491, 492, 493, 494, 495, 498, 502, 503, 505, 506, 507, 508, 512, 513, 523, 528, 529], "excluded_lines": [], "start_line": 453}, "start_compare": {"executed_lines": [], "summary": {"covered_lines": 0, "num_statements": 38, "percent_covered": 0.0, "percent_covered_display": "0", "missing_lines": 38, "excluded_lines": 0, "percent_statements_covered": 0.0, "percent_statements_covered_display": "0"}, "missing_lines": [535, 536, 538, 539, 540, 541, 551, 552, 553, 554, 555, 556, 558, 559, 560, 561, 562, 563, 564, 565, 566, 567, 568, 569, 570, 571, 572, 573, 574, 582, 583, 584, 585, 586, 587, 588, 589, 590], "excluded_lines": [], "start_line": 534}, "start_leakage": {"executed_lines": [], "summary": {"covered_lines": 0, "num_statements": 10, "percent_covered": 0.0, "percent_covered_display": "0", "missing_lines": 10, "excluded_lines": 0, "percent_statements_covered": 0.0, "percent_statements_covered_display": "0"}, "missing_lines": [595, 596, 597, 598, 599, 602, 603, 604, 605, 606], "excluded_lines": [], "start_line": 594}, "start_shap": {"executed_lines": [], "summary": {"covered_lines": 0, "num_statements": 6, "percent_covered": 0.0, "percent_covered_display": "0", "missing_lines": 6, "excluded_lines": 0, "percent_statements_covered": 0.0, "percent_statements_covered_display": "0"}, "missing_lines": [611, 612, 613, 614, 615, 616], "excluded_lines": [], "start_line": 610}, "start_external_validate": {"executed_lines": [], "summary": {"covered_lines": 0, "num_statements": 10, "percent_covered": 0.0, "percent_covered_display": "0", "missing_lines": 10, "excluded_lines": 0, "percent_statements_covered": 0.0, "percent_statements_covered_display": "0"}, "missing_lines": [621, 622, 623, 624, 625, 626, 627, 628, 629, 630], "excluded_lines": [], "start_line": 620}, "reports_analysis_pack": {"executed_lines": [], "summary": {"covered_lines": 0, "num_statements": 19, "percent_covered": 0.0, "percent_covered_display": "0", "missing_lines": 19, "excluded_lines": 0, "percent_statements_covered": 0.0, "percent_statements_covered_display": "0"}, "missing_lines": [635, 636, 637, 639, 640, 641, 642, 643, 644, 645, 646, 647, 648, 649, 650, 651, 652, 653, 654], "excluded_lines": [], "start_line": 634}, "start_hpo": {"executed_lines": [], "summary": {"covered_lines": 0, "num_statements": 32, "percent_covered": 0.0, "percent_covered_display": "0", "missing_lines": 32, "excluded_lines": 0, "percent_statements_covered": 0.0, "percent_statements_covered_display": "0"}, "missing_lines": [659, 661, 662, 663, 665, 666, 667, 668, 669, 670, 671, 672, 673, 674, 675, 676, 677, 678, 679, 680, 681, 682, 683, 691, 692, 693, 694, 695, 696, 697, 698, 699], "excluded_lines": [], "start_line": 658}, "job_status": {"executed_lines": [704, 705, 707], "summary": {"covered_lines": 3, "num_statements": 4, "percent_covered": 75.0, "percent_covered_display": "75", "missing_lines": 1, "excluded_lines": 0, "percent_statements_covered": 75.0, "percent_statements_covered_display": "75"}, "missing_lines": [706], "excluded_lines": [], "start_line": 703}, "jobs_list": {"executed_lines": [], "summary": {"covered_lines": 0, "num_statements": 1, "percent_covered": 0.0, "percent_covered_display": "0", "missing_lines": 1, "excluded_lines": 0, "percent_statements_covered": 0.0, "percent_statements_covered_display": "0"}, "missing_lines": [712], "excluded_lines": [], "start_line": 711}, "reports_summary": {"executed_lines": [717, 718, 719, 724, 725, 726, 727, 732, 733, 734, 739, 740, 741, 746, 747, 748, 753, 754, 755, 760, 761, 762, 763, 764, 765, 766, 767, 769, 770, 771, 774], "summary": {"covered_lines": 31, "num_statements": 55, "percent_covered": 56.36363636363637, "percent_covered_display": "56", "missing_lines": 24, "excluded_lines": 0, "percent_statements_covered": 56.36363636363637, "percent_statements_covered_display": "56"}, "missing_lines": [720, 721, 722, 723, 728, 729, 730, 731, 735, 736, 737, 738, 742, 743, 744, 745, 749, 750, 751, 752, 756, 757, 758, 759], "excluded_lines": [], "start_line": 716}, "reports_curves": {"executed_lines": [], "summary": {"covered_lines": 0, "num_statements": 20, "percent_covered": 0.0, "percent_covered_display": "0", "missing_lines": 20, "excluded_lines": 0, "percent_statements_covered": 0.0, "percent_statements_covered_display": "0"}, "missing_lines": [797, 798, 799, 801, 802, 803, 804, 805, 806, 807, 808, 809, 813, 814, 815, 816, 817, 818, 819, 823], "excluded_lines": [], "start_line": 795}, "reports_download_zip": {"executed_lines": [], "summary": {"covered_lines": 0, "num_statements": 8, "percent_covered": 0.0, "percent_covered_display": "0", "missing_lines": 8, "excluded_lines": 0, "percent_statements_covered": 0.0, "percent_statements_covered_display": "0"}, "missing_lines": [836, 837, 838, 839, 840, 841, 842, 843], "excluded_lines": [], "start_line": 835}, "reports_methods_md": {"executed_lines": [], "summary": {"covered_lines": 0, "num_statements": 5, "percent_covered": 0.0, "percent_covered_display": "0", "missing_lines": 5, "excluded_lines": 0, "percent_statements_covered": 0.0, "percent_statements_covered_display": "0"}, "missing_lines": [853, 854, 855, 856, 857], "excluded_lines": [], "start_line": 851}, "reports_file": {"executed_lines": [], "summary": {"covered_lines": 0, "num_statements": 9, "percent_covered": 0.0, "percent_covered_display": "0", "missing_lines": 9, "excluded_lines": 0, "percent_statements_covered": 0.0, "percent_statements_covered_display": "0"}, "missing_lines": [866, 867, 868, 869, 870, 871, 872, 876, 877], "excluded_lines": [], "start_line": 865}, "": {"executed_lines": [3, 5, 6, 7, 8, 10, 11, 12, 14, 22, 34, 35, 42, 43, 44, 46, 47, 49, 50, 52, 88, 106, 140, 141, 142, 143, 144, 145, 146, 147, 148, 149, 150, 151, 152, 153, 154, 155, 156, 157, 160, 161, 162, 163, 164, 165, 166, 167, 168, 169, 170, 171, 172, 173, 174, 175, 178, 179, 180, 181, 182, 183, 184, 185, 186, 187, 188, 189, 190, 193, 194, 197, 198, 199, 200, 201, 204, 205, 206, 207, 208, 209, 210, 211, 212, 213, 214, 215, 216, 217, 218, 219, 220, 221, 224, 225, 226, 229, 230, 231, 232, 235, 249, 250, 302, 303, 352, 353, 359, 360, 371, 372, 383, 384, 398, 399, 413, 414, 421, 422, 429, 430, 452, 453, 533, 534, 593, 594, 609, 610, 619, 620, 633, 634, 657, 658, 702, 703, 710, 711, 715, 716, 794, 795, 834, 835, 850, 851, 864, 865], "summary": {"covered_lines": 150, "num_statements": 150, "percent_covered": 100.0, "percent_covered_display": "100", "missing_lines": 0, "excluded_lines": 0, "percent_statements_covered": 100.0, "percent_statements_covered_display": "100"}, "missing_lines": [], "excluded_lines": [], "start_line": 1}}, "classes": {"TrainJobBody": {"executed_lines": [], "summary": {"covered_lines": 0, "num_statements": 0, "percent_covered": 100.0, "percent_covered_display": "100", "missing_lines": 0, "excluded_lines": 0, "percent_statements_covered": 100.0, "percent_statements_covered_display": "100"}, "missing_lines": [], "excluded_lines": [], "start_line": 140}, "CompareJobBody": {"executed_lines": [], "summary": {"covered_lines": 0, "num_statements": 0, "percent_covered": 100.0, "percent_covered_display": "100", "missing_lines": 0, "excluded_lines": 0, "percent_statements_covered": 100.0, "percent_statements_covered_display": "100"}, "missing_lines": [], "excluded_lines": [], "start_line": 160}, "LeakageJobBody": {"executed_lines": [], "summary": {"covered_lines": 0, "num_statements": 0, "percent_covered": 100.0, "percent_covered_display": "100", "missing_lines": 0, "excluded_lines": 0, "percent_statements_covered": 100.0, "percent_statements_covered_display": "100"}, "missing_lines": [], "excluded_lines": [], "start_line": 178}, "ShapJobBody": {"executed_lines": [], "summary": {"covered_lines": 0, "num_statements": 0, "percent_covered": 100.0, "percent_covered_display": "100", "missing_lines": 0, "excluded_lines": 0, "percent_statements_covered": 100.0, "percent_statements_covered_display": "100"}, "missing_lines": [], "excluded_lines": [], "start_line": 193}, "ExternalValidateJobBody": {"executed_lines": [], "summary": {"covered_lines": 0, "num_statements": 0, "percent_covered": 100.0, "percent_covered_display": "100", "missing_lines": 0, "excluded_lines": 0, "percent_statements_covered": 100.0, "percent_statements_covered_display": "100"}, "missing_lines": [], "excluded_lines": [], "start_line": 197}, "HpoJobBody": {"executed_lines": [], "summary": {"covered_lines": 0, "num_statements": 0, "percent_covered": 100.0, "percent_covered_display": "100", "missing_lines": 0, "excluded_lines": 0, "percent_statements_covered": 100.0, "percent_statements_covered_display": "100"}, "missing_lines": [], "excluded_lines": [], "start_line": 204}, "FormImportBody": {"executed_lines": [], "summary": {"covered_lines": 0, "num_statements": 0, "percent_covered": 100.0, "percent_covered_display": "100", "missing_lines": 0, "excluded_lines": 0, "percent_statements_covered": 100.0, "percent_statements_covered_display": "100"}, "missing_lines": [], "excluded_lines": [], "start_line": 224}, "SqlImportBody": {"executed_lines": [], "summary": {"covered_lines": 0, "num_statements": 0, "percent_covered": 100.0, "percent_covered_display": "100", "missing_lines": 0, "excluded_lines": 0, "percent_statements_covered": 100.0, "percent_statements_covered_display": "100"}, "missing_lines": [], "excluded_lines": [], "start_line": 229}, "": {"executed_lines": [3, 5, 6, 7, 8, 10, 11, 12, 14, 22, 34, 35, 42, 43, 44, 46, 47, 49, 50, 52, 88, 106, 111, 112, 113, 114, 140, 141, 142, 143, 144, 145, 146, 147, 148, 149, 150, 151, 152, 153, 154, 155, 156, 157, 160, 161, 162, 163, 164, 165, 166, 167, 168, 169, 170, 171, 172, 173, 174, 175, 178, 179, 180, 181, 182, 183, 184, 185, 186, 187, 188, 189, 190, 193, 194, 197, 198, 199, 200, 201, 204, 205, 206, 207, 208, 209, 210, 211, 212, 213, 214, 215, 216, 217, 218, 219, 220, 221, 224, 225, 226, 229, 230, 231, 232, 235, 236, 237, 240, 241, 242, 243, 246, 249, 250, 251, 252, 253, 254, 255, 256, 257, 258, 259, 260, 261, 264, 265, 302, 303, 352, 353, 359, 360, 371, 372, 383, 384, 398, 399, 413, 414, 421, 422, 429, 430, 452, 453, 454, 455, 456, 458, 459, 461, 462, 473, 475, 477, 496, 497, 500, 501, 504, 521, 522, 524, 525, 526, 527, 530, 533, 534, 593, 594, 609, 610, 619, 620, 633, 634, 657, 658, 702, 703, 704, 705, 707, 710, 711, 715, 716, 717, 718, 719, 724, 725, 726, 727, 732, 733, 734, 739, 740, 741, 746, 747, 748, 753, 754, 755, 760, 761, 762, 763, 764, 765, 766, 767, 769, 770, 771, 774, 794, 795, 834, 835, 850, 851, 864, 865], "summary": {"covered_lines": 230, "num_statements": 528, "percent_covered": 43.56060606060606, "percent_covered_display": "44", "missing_lines": 298, "excluded_lines": 0, "percent_statements_covered": 43.56060606060606, "percent_statements_covered_display": "44"}, "missing_lines": [115, 116, 118, 119, 120, 121, 122, 123, 124, 125, 133, 134, 135, 137, 238, 244, 245, 262, 263, 311, 312, 313, 314, 315, 316, 323, 324, 325, 326, 327, 328, 329, 330, 331, 344, 354, 356, 361, 363, 364, 365, 366, 367, 368, 373, 375, 376, 377, 378, 379, 380, 386, 387, 388, 389, 390, 391, 392, 393, 394, 395, 401, 403, 404, 405, 406, 407, 408, 409, 410, 415, 416, 417, 418, 423, 424, 425, 426, 437, 438, 446, 447, 448, 449, 474, 476, 478, 480, 481, 482, 483, 484, 485, 486, 487, 488, 489, 490, 491, 492, 493, 494, 495, 498, 502, 503, 505, 506, 507, 508, 512, 513, 523, 528, 529, 535, 536, 538, 539, 540, 541, 551, 552, 553, 554, 555, 556, 558, 559, 560, 561, 562, 563, 564, 565, 566, 567, 568, 569, 570, 571, 572, 573, 574, 582, 583, 584, 585, 586, 587, 588, 589, 590, 595, 596, 597, 598, 599, 602, 603, 604, 605, 606, 611, 612, 613, 614, 615, 616, 621, 622, 623, 624, 625, 626, 627, 628, 629, 630, 635, 636, 637, 639, 640, 641, 642, 643, 644, 645, 646, 647, 648, 649, 650, 651, 652, 653, 654, 659, 661, 662, 663, 665, 666, 667, 668, 669, 670, 671, 672, 673, 674, 675, 676, 677, 678, 679, 680, 681, 682, 683, 691, 692, 693, 694, 695, 696, 697, 698, 699, 706, 712, 720, 721, 722, 723, 728, 729, 730, 731, 735, 736, 737, 738, 742, 743, 744, 745, 749, 750, 751, 752, 756, 757, 758, 759, 797, 798, 799, 801, 802, 803, 804, 805, 806, 807, 808, 809, 813, 814, 815, 816, 817, 818, 819, 823, 836, 837, 838, 839, 840, 841, 842, 843, 853, 854, 855, 856, 857, 866, 867, 868, 869, 870, 871, 872, 876, 877], "excluded_lines": [], "start_line": 1}}}, "api/security.py": {"executed_lines": [8, 10, 12, 15, 16, 17, 18], "summary": {"covered_lines": 7, "num_statements": 10, "percent_covered": 70.0, "percent_covered_display": "70", "missing_lines": 3, "excluded_lines": 0, "percent_statements_covered": 70.0, "percent_statements_covered_display": "70"}, "missing_lines": [19, 20, 21], "excluded_lines": [], "functions": {"require_api_key_if_configured": {"executed_lines": [16, 17, 18], "summary": {"covered_lines": 3, "num_statements": 6, "percent_covered": 50.0, "percent_covered_display": "50", "missing_lines": 3, "excluded_lines": 0, "percent_statements_covered": 50.0, "percent_statements_covered_display": "50"}, "missing_lines": [19, 20, 21], "excluded_lines": [], "start_line": 15}, "": {"executed_lines": [8, 10, 12, 15], "summary": {"covered_lines": 4, "num_statements": 4, "percent_covered": 100.0, "percent_covered_display": "100", "missing_lines": 0, "excluded_lines": 0, "percent_statements_covered": 100.0, "percent_statements_covered_display": "100"}, "missing_lines": [], "excluded_lines": [], "start_line": 1}}, "classes": {"": {"executed_lines": [8, 10, 12, 15, 16, 17, 18], "summary": {"covered_lines": 7, "num_statements": 10, "percent_covered": 70.0, "percent_covered_display": "70", "missing_lines": 3, "excluded_lines": 0, "percent_statements_covered": 70.0, "percent_statements_covered_display": "70"}, "missing_lines": [19, 20, 21], "excluded_lines": [], "start_line": 1}}}, "openhealth/__init__.py": {"executed_lines": [6, 8, 10], "summary": {"covered_lines": 3, "num_statements": 3, "percent_covered": 100.0, "percent_covered_display": "100", "missing_lines": 0, "excluded_lines": 0, "percent_statements_covered": 100.0, "percent_statements_covered_display": "100"}, "missing_lines": [], "excluded_lines": [], "functions": {"": {"executed_lines": [6, 8, 10], "summary": {"covered_lines": 3, "num_statements": 3, "percent_covered": 100.0, "percent_covered_display": "100", "missing_lines": 0, "excluded_lines": 0, "percent_statements_covered": 100.0, "percent_statements_covered_display": "100"}, "missing_lines": [], "excluded_lines": [], "start_line": 1}}, "classes": {"": {"executed_lines": [6, 8, 10], "summary": {"covered_lines": 3, "num_statements": 3, "percent_covered": 100.0, "percent_covered_display": "100", "missing_lines": 0, "excluded_lines": 0, "percent_statements_covered": 100.0, "percent_statements_covered_display": "100"}, "missing_lines": [], "excluded_lines": [], "start_line": 1}}}, "openhealth/adapters.py": {"executed_lines": [], "summary": {"covered_lines": 0, "num_statements": 105, "percent_covered": 0.0, "percent_covered_display": "0", "missing_lines": 105, "excluded_lines": 0, "percent_statements_covered": 0.0, "percent_statements_covered_display": "0"}, "missing_lines": [3, 5, 6, 7, 9, 11, 14, 25, 26, 27, 28, 29, 30, 32, 33, 34, 35, 36, 37, 38, 39, 40, 41, 42, 43, 44, 45, 56, 57, 58, 59, 68, 70, 71, 72, 73, 75, 76, 77, 80, 82, 83, 84, 85, 86, 87, 88, 90, 92, 93, 94, 95, 96, 97, 98, 99, 100, 101, 102, 103, 104, 105, 107, 108, 109, 110, 111, 112, 113, 114, 116, 117, 118, 119, 120, 121, 122, 123, 124, 135, 136, 137, 144, 145, 146, 149, 150, 151, 152, 153, 154, 155, 156, 157, 158, 161, 162, 163, 164, 165, 168, 169, 170, 171, 172], "excluded_lines": [], "functions": {"omop_tables_to_longitudinal": {"executed_lines": [], "summary": {"covered_lines": 0, "num_statements": 32, "percent_covered": 0.0, "percent_covered_display": "0", "missing_lines": 32, "excluded_lines": 0, "percent_statements_covered": 0.0, "percent_statements_covered_display": "0"}, "missing_lines": [25, 26, 27, 28, 29, 30, 32, 33, 34, 35, 36, 37, 38, 39, 40, 41, 42, 43, 44, 45, 56, 57, 58, 59, 68, 70, 71, 72, 73, 75, 76, 77], "excluded_lines": [], "start_line": 14}, "fhir_bundle_to_longitudinal": {"executed_lines": [], "summary": {"covered_lines": 0, "num_statements": 45, "percent_covered": 0.0, "percent_covered_display": "0", "missing_lines": 45, "excluded_lines": 0, "percent_statements_covered": 0.0, "percent_statements_covered_display": "0"}, "missing_lines": [82, 83, 84, 85, 86, 87, 88, 90, 92, 93, 94, 95, 96, 97, 98, 99, 100, 101, 102, 103, 104, 105, 107, 108, 109, 110, 111, 112, 113, 114, 116, 117, 118, 119, 120, 121, 122, 123, 124, 135, 136, 137, 144, 145, 146], "excluded_lines": [], "start_line": 80}, "import_omop_payload": {"executed_lines": [], "summary": {"covered_lines": 0, "num_statements": 9, "percent_covered": 0.0, "percent_covered_display": "0", "missing_lines": 9, "excluded_lines": 0, "percent_statements_covered": 0.0, "percent_statements_covered_display": "0"}, "missing_lines": [150, 151, 152, 153, 154, 155, 156, 157, 158], "excluded_lines": [], "start_line": 149}, "import_fhir_payload": {"executed_lines": [], "summary": {"covered_lines": 0, "num_statements": 4, "percent_covered": 0.0, "percent_covered_display": "0", "missing_lines": 4, "excluded_lines": 0, "percent_statements_covered": 0.0, "percent_statements_covered_display": "0"}, "missing_lines": [162, 163, 164, 165], "excluded_lines": [], "start_line": 161}, "load_fhir_file": {"ex
[...]
3.6842105263158, "percent_covered_display": "74", "missing_lines": 20, "excluded_lines": 2, "percent_statements_covered": 73.6842105263158, "percent_statements_covered_display": "74"}, "missing_lines": [17, 28, 30, 52, 53, 55, 56, 57, 59, 60, 61, 62, 68, 69, 70, 77, 78, 119, 120, 122], "excluded_lines": [123, 124], "start_line": 1}}}, "openhealth/runs.py": {"executed_lines": [3, 5, 6, 7, 8, 9, 11, 13, 16, 17, 18, 21, 22, 24, 27, 28, 29, 30, 33, 43, 68, 81, 104, 105, 106, 107, 108, 111, 112, 113, 115, 116, 117, 119, 120, 121, 122, 123, 124, 125, 126, 127, 128, 130, 131, 132, 133, 135, 136, 137, 138, 139, 141, 142, 143, 146, 148, 149], "summary": {"covered_lines": 58, "num_statements": 95, "percent_covered": 61.05263157894737, "percent_covered_display": "61", "missing_lines": 37, "excluded_lines": 0, "percent_statements_covered": 61.05263157894737, "percent_statements_covered_display": "61"}, "missing_lines": [23, 34, 35, 36, 37, 38, 39, 40, 44, 46, 47, 48, 49, 50, 69, 70, 71, 72, 73, 74, 75, 76, 77, 78, 83, 85, 86, 87, 88, 89, 90, 91, 92, 93, 118, 144, 145], "excluded_lines": [], "functions": {"new_run_id": {"executed_lines": [17, 18], "summary": {"covered_lines": 2, "num_statements": 2, "percent_covered": 100.0, "percent_covered_display": "100", "missing_lines": 0, "excluded_lines": 0, "percent_statements_covered": 100.0, "percent_statements_covered_display": "100"}, "missing_lines": [], "excluded_lines": [], "start_line": 16}, "run_path": {"executed_lines": [22, 24], "summary": {"covered_lines": 2, "num_statements": 3, "percent_covered": 66.66666666666667, "percent_covered_display": "67", "missing_lines": 1, "excluded_lines": 0, "percent_statements_covered": 66.66666666666667, "percent_statements_covered_display": "67"}, "missing_lines": [23], "excluded_lines": [], "start_line": 21}, "ensure_run": {"executed_lines": [28, 29, 30], "summary": {"covered_lines": 3, "num_statements": 3, "percent_covered": 100.0, "percent_covered_display": "100", "missing_lines": 0, "excluded_lines": 0, "percent_statements_covered": 100.0, "percent_statements_covered_display": "100"}, "missing_lines": [], "excluded_lines": [], "start_line": 27}, "_read_json": {"executed_lines": [], "summary": {"covered_lines": 0, "num_statements": 7, "percent_covered": 0.0, "percent_covered_display": "0", "missing_lines": 7, "excluded_lines": 0, "percent_statements_covered": 0.0, "percent_statements_covered_display": "0"}, "missing_lines": [34, 35, 36, 37, 38, 39, 40], "excluded_lines": [], "start_line": 33}, "_run_summary": {"executed_lines": [], "summary": {"covered_lines": 0, "num_statements": 6, "percent_covered": 0.0, "percent_covered_display": "0", "missing_lines": 6, "excluded_lines": 0, "percent_statements_covered": 0.0, "percent_statements_covered_display": "0"}, "missing_lines": [44, 46, 47, 48, 49, 50], "excluded_lines": [], "start_line": 43}, "list_runs": {"executed_lines": [], "summary": {"covered_lines": 0, "num_statements": 10, "percent_covered": 0.0, "percent_covered_display": "0", "missing_lines": 10, "excluded_lines": 0, "percent_statements_covered": 0.0, "percent_statements_covered_display": "0"}, "missing_lines": [69, 70, 71, 72, 73, 74, 75, 76, 77, 78], "excluded_lines": [], "start_line": 68}, "get_run": {"executed_lines": [], "summary": {"covered_lines": 0, "num_statements": 10, "percent_covered": 0.0, "percent_covered_display": "0", "missing_lines": 10, "excluded_lines": 0, "percent_statements_covered": 0.0, "percent_statements_covered_display": "0"}, "missing_lines": [83, 85, 86, 87, 88, 89, 90, 91, 92, 93], "excluded_lines": [], "start_line": 81}, "write_run_meta": {"executed_lines": [105, 106, 107, 108], "summary": {"covered_lines": 4, "num_statements": 4, "percent_covered": 100.0, "percent_covered_display": "100", "missing_lines": 0, "excluded_lines": 0, "percent_statements_covered": 100.0, "percent_statements_covered_display": "100"}, "missing_lines": [], "excluded_lines": [], "start_line": 104}, "promote_run": {"executed_lines": [112, 113, 115, 116, 117, 119, 120, 121, 122, 123, 124, 125, 126, 127, 128, 130, 131, 132, 133, 135, 136, 137, 138, 139, 141, 142, 143, 146, 148, 149], "summary": {"covered_lines": 30, "num_statements": 33, "percent_covered": 90.9090909090909, "percent_covered_display": "91", "missing_lines": 3, "excluded_lines": 0, "percent_statements_covered": 90.9090909090909, "percent_statements_covered_display": "91"}, "missing_lines": [118, 144, 145], "excluded_lines": [], "start_line": 111}, "": {"executed_lines": [3, 5, 6, 7, 8, 9, 11, 13, 16, 21, 27, 33, 43, 68, 81, 104, 111], "summary": {"covered_lines": 17, "num_statements": 17, "percent_covered": 100.0, "percent_covered_display": "100", "missing_lines": 0, "excluded_lines": 0, "percent_statements_covered": 100.0, "percent_statements_covered_display": "100"}, "missing_lines": [], "excluded_lines": [], "start_line": 1}}, "classes": {"": {"executed_lines": [3, 5, 6, 7, 8, 9, 11, 13, 16, 17, 18, 21, 22, 24, 27, 28, 29, 30, 33, 43, 68, 81, 104, 105, 106, 107, 108, 111, 112, 113, 115, 116, 117, 119, 120, 121, 122, 123, 124, 125, 126, 127, 128, 130, 131, 132, 133, 135, 136, 137, 138, 139, 141, 142, 143, 146, 148, 149], "summary": {"covered_lines": 58, "num_statements": 95, "percent_covered": 61.05263157894737, "percent_covered_display": "61", "missing_lines": 37, "excluded_lines": 0, "percent_statements_covered": 61.05263157894737, "percent_statements_covered_display": "61"}, "missing_lines": [23, 34, 35, 36, 37, 38, 39, 40, 44, 46, 47, 48, 49, 50, 69, 70, 71, 72, 73, 74, 75, 76, 77, 78, 83, 85, 86, 87, 88, 89, 90, 91, 92, 93, 118, 144, 145], "excluded_lines": [], "start_line": 1}}}, "openhealth/schema_map.py": {"executed_lines": [], "summary": {"covered_lines": 0, "num_statements": 67, "percent_covered": 0.0, "percent_covered_display": "0", "missing_lines": 67, "excluded_lines": 0, "percent_statements_covered": 0.0, "percent_statements_covered_display": "0"}, "missing_lines": [3, 5, 6, 8, 10, 11, 12, 17, 19, 35, 37, 38, 39, 40, 42, 43, 45, 46, 47, 48, 49, 50, 51, 52, 53, 56, 58, 60, 61, 62, 65, 66, 67, 68, 69, 70, 71, 72, 73, 74, 75, 76, 86, 87, 88, 89, 90, 91, 92, 93, 96, 103, 104, 105, 106, 107, 108, 109, 110, 111, 112, 113, 115, 116, 117, 120, 121], "excluded_lines": [], "functions": {"suggest_mapping": {"executed_lines": [], "summary": {"covered_lines": 0, "num_statements": 15, "percent_covered": 0.0, "percent_covered_display": "0", "missing_lines": 15, "excluded_lines": 0, "percent_statements_covered": 0.0, "percent_statements_covered_display": "0"}, "missing_lines": [37, 38, 39, 40, 42, 43, 45, 46, 47, 48, 49, 50, 51, 52, 53], "excluded_lines": [], "start_line": 35}, "apply_mapping": {"executed_lines": [], "summary": {"covered_lines": 0, "num_statements": 4, "percent_covered": 0.0, "percent_covered_display": "0", "missing_lines": 4, "excluded_lines": 0, "percent_statements_covered": 0.0, "percent_statements_covered_display": "0"}, "missing_lines": [58, 60, 61, 62], "excluded_lines": [], "start_line": 56}, "map_preview_from_dataframe": {"executed_lines": [], "summary": {"covered_lines": 0, "num_statements": 11, "percent_covered": 0.0, "percent_covered_display": "0", "missing_lines": 11, "excluded_lines": 0, "percent_statements_covered": 0.0, "percent_statements_covered_display": "0"}, "missing_lines": [66, 67, 68, 69, 70, 71, 72, 73, 74, 75, 76], "excluded_lines": [], "start_line": 65}, "map_preview_path": {"executed_lines": [], "summary": {"covered_lines": 0, "num_statements": 7, "percent_covered": 0.0, "percent_covered_display": "0", "missing_lines": 7, "excluded_lines": 0, "percent_statements_covered": 0.0, "percent_statements_covered_display": "0"}, "missing_lines": [87, 88, 89, 90, 91, 92, 93], "excluded_lines": [], "start_line": 86}, "map_import": {"executed_lines": [], "summary": {"covered_lines": 0, "num_statements": 14, "percent_covered": 0.0, "percent_covered_display": "0", "missing_lines": 14, "excluded_lines": 0, "percent_statements_covered": 0.0, "percent_statements_covered_display": "0"}, "missing_lines": [103, 104, 105, 106, 107, 108, 109, 110, 111, 112, 113, 115, 116, 117], "excluded_lines": [], "start_line": 96}, "enrich_upload_with_aliases": {"executed_lines": [], "summary": {"covered_lines": 0, "num_statements": 1, "percent_covered": 0.0, "percent_covered_display": "0", "missing_lines": 1, "excluded_lines": 0, "percent_statements_covered": 0.0, "percent_statements_covered_display": "0"}, "missing_lines": [121], "excluded_lines": [], "start_line": 120}, "": {"executed_lines": [], "summary": {"covered_lines": 0, "num_statements": 15, "percent_covered": 0.0, "percent_covered_display": "0", "missing_lines": 15, "excluded_lines": 0, "percent_statements_covered": 0.0, "percent_statements_covered_display": "0"}, "missing_lines": [3, 5, 6, 8, 10, 11, 12, 17, 19, 35, 56, 65, 86, 96, 120], "excluded_lines": [], "start_line": 1}}, "classes": {"": {"executed_lines": [], "summary": {"covered_lines": 0, "num_statements": 67, "percent_covered": 0.0, "percent_covered_display": "0", "missing_lines": 67, "excluded_lines": 0, "percent_statements_covered": 0.0, "percent_statements_covered_display": "0"}, "missing_lines": [3, 5, 6, 8, 10, 11, 12, 17, 19, 35, 37, 38, 39, 40, 42, 43, 45, 46, 47, 48, 49, 50, 51, 52, 53, 56, 58, 60, 61, 62, 65, 66, 67, 68, 69, 70, 71, 72, 73, 74, 75, 76, 86, 87, 88, 89, 90, 91, 92, 93, 96, 103, 104, 105, 106, 107, 108, 109, 110, 111, 112, 113, 115, 116, 117, 120, 121], "excluded_lines": [], "start_line": 1}}}, "openhealth/task_spec.py": {"executed_lines": [3, 5, 6, 7, 9, 11, 14, 15, 16, 17, 18, 19, 20, 21, 22, 23, 24, 25, 26, 27, 28, 29, 30, 31, 32, 33, 34, 36, 57, 75, 99, 107, 182], "summary": {"covered_lines": 33, "num_statements": 110, "percent_covered": 30.0, "percent_covered_display": "30", "missing_lines": 77, "excluded_lines": 0, "percent_statements_covered": 30.0, "percent_statements_covered_display": "30"}, "missing_lines": [37, 38, 39, 40, 59, 60, 61, 62, 63, 64, 65, 67, 68, 69, 70, 71, 72, 73, 76, 100, 101, 102, 103, 104, 108, 109, 110, 111, 112, 114, 115, 116, 118, 119, 120, 121, 123, 124, 125, 126, 127, 128, 129, 131, 132, 135, 136, 137, 138, 139, 140, 141, 143, 144, 145, 146, 147, 149, 150, 151, 152, 153, 154, 155, 156, 157, 159, 183, 184, 185, 186, 187, 188, 189, 190, 191, 192], "excluded_lines": [], "functions": {"TaskSpec.to_train_params": {"executed_lines": [], "summary": {"covered_lines": 0, "num_statements": 4, "percent_covered": 0.0, "percent_covered_display": "0", "missing_lines": 4, "excluded_lines": 0, "percent_statements_covered": 0.0, "percent_statements_covered_display": "0"}, "missing_lines": [37, 38, 39, 40], "excluded_lines": [], "start_line": 36}, "TaskSpec.required_columns": {"executed_lines": [], "summary": {"covered_lines": 0, "num_statements": 14, "percent_covered": 0.0, "percent_covered_display": "0", "missing_lines": 14, "excluded_lines": 0, "percent_statements_covered": 0.0, "percent_statements_covered_display": "0"}, "missing_lines": [59, 60, 61, 62, 63, 64, 65, 67, 68, 69, 70, 71, 72, 73], "excluded_lines": [], "start_line": 57}, "TaskSpec.to_public": {"executed_lines": [], "summary": {"covered_lines": 0, "num_statements": 1, "percent_covered": 0.0, "percent_covered_display": "0", "missing_lines": 1, "excluded_lines": 0, "percent_statements_covered": 0.0, "percent_statements_covered_display": "0"}, "missing_lines": [76], "excluded_lines": [], "start_line": 75}, "_require_yaml": {"executed_lines": [], "summary": {"covered_lines": 0, "num_statements": 5, "percent_covered": 0.0, "percent_covered_display": "0", "missing_lines": 5, "excluded_lines": 0, "percent_statements_covered": 0.0, "percent_statements_covered_display": "0"}, "missing_lines": [100, 101, 102, 103, 104], "excluded_lines": [], "start_line": 99}, "load_task": {"executed_lines": [], "summary": {"covered_lines": 0, "num_statements": 43, "percent_covered": 0.0, "percent_covered_display": "0", "missing_lines": 43, "excluded_lines": 0, "percent_statements_covered": 0.0, "percent_statements_covered_display": "0"}, "missing_lines": [108, 109, 110, 111, 112, 114, 115, 116, 118, 119, 120, 121, 123, 124, 125, 126, 127, 128, 129, 131, 132, 135, 136, 137, 138, 139, 140, 141, 143, 144, 145, 146, 147, 149, 150, 151, 152, 153, 154, 155, 156, 157, 159], "excluded_lines": [], "start_line": 107}, "list_tasks": {"executed_lines": [], "summary": {"covered_lines": 0, "num_statements": 10, "percent_covered": 0.0, "percent_covered_display": "0", "missing_lines": 10, "excluded_lines": 0, "percent_statements_covered": 0.0, "percent_statements_covered_display": "0"}, "missing_lines": [183, 184, 185, 186, 187, 188, 189, 190, 191, 192], "excluded_lines": [], "start_line": 182}, "": {"executed_lines": [3, 5, 6, 7, 9, 11, 14, 15, 16, 17, 18, 19, 20, 21, 22, 23, 24, 25, 26, 27, 28, 29, 30, 31, 32, 33, 34, 36, 57, 75, 99, 107, 182], "summary": {"covered_lines": 33, "num_statements": 33, "percent_covered": 100.0, "percent_covered_display": "100", "missing_lines": 0, "excluded_lines": 0, "percent_statements_covered": 100.0, "percent_statements_covered_display": "100"}, "missing_lines": [], "excluded_lines": [], "start_line": 1}}, "classes": {"TaskSpec": {"executed_lines": [], "summary": {"covered_lines": 0, "num_statements": 19, "percent_covered": 0.0, "percent_covered_display": "0", "missing_lines": 19, "excluded_lines": 0, "percent_statements_covered": 0.0, "percent_statements_covered_display": "0"}, "missing_lines": [37, 38, 39, 40, 59, 60, 61, 62, 63, 64, 65, 67, 68, 69, 70, 71, 72, 73, 76], "excluded_lines": [], "start_line": 15}, "": {"executed_lines": [3, 5, 6, 7, 9, 11, 14, 15, 16, 17, 18, 19, 20, 21, 22, 23, 24, 25, 26, 27, 28, 29, 30, 31, 32, 33, 34, 36, 57, 75, 99, 107, 182], "summary": {"covered_lines": 33, "num_statements": 91, "percent_covered": 36.26373626373626, "percent_covered_display": "36", "missing_lines": 58, "excluded_lines": 0, "percent_statements_covered": 36.26373626373626, "percent_statements_covered_display": "36"}, "missing_lines": [100, 101, 102, 103, 104, 108, 109, 110, 111, 112, 114, 115, 116, 118, 119, 120, 121, 123, 124, 125, 126, 127, 128, 129, 131, 132, 135, 136, 137, 138, 139, 140, 141, 143, 144, 145, 146, 147, 149, 150, 151, 152, 153, 154, 155, 156, 157, 159, 183, 184, 185, 186, 187, 188, 189, 190, 191, 192], "excluded_lines": [], "start_line": 1}}}, "openhealth/trust_pack.py": {"executed_lines": [3, 5, 6, 7, 8, 9, 11, 12, 13, 14, 16, 19, 32, 42, 43, 46, 47, 48, 50, 51, 52, 59, 60, 61, 62, 65, 66, 68, 71, 72, 73, 74, 75, 76, 78, 79, 80, 81, 82, 86, 87, 88, 89, 90, 94, 95, 96, 97, 98, 99, 102, 104, 124, 125, 126, 127, 128, 131, 132, 133, 134, 142, 143, 144, 147, 161, 171], "summary": {"covered_lines": 67, "num_statements": 98, "percent_covered": 68.36734693877551, "percent_covered_display": "68", "missing_lines": 31, "excluded_lines": 0, "percent_statements_covered": 68.36734693877551, "percent_statements_covered_display": "68"}, "missing_lines": [63, 64, 67, 83, 84, 91, 92, 135, 136, 137, 138, 139, 145, 163, 164, 165, 166, 167, 168, 172, 173, 174, 175, 176, 177, 179, 180, 181, 182, 183, 184], "excluded_lines": [], "functions": {"trust_pack_path": {"executed_lines": [43], "summary": {"covered_lines": 1, "num_statements": 1, "percent_covered": 100.0, "percent_covered_display": "100", "missing_lines": 0, "excluded_lines": 0, "percent_statements_covered": 100.0, "percent_statements_covered_display": "100"}, "missing_lines": [], "excluded_lines": [], "start_line": 42}, "_file_meta": {"executed_lines": [47, 48, 50, 51, 52], "summary": {"covered_lines": 5, "num_statements": 5, "percent_covered": 100.0, "percent_covered_display": "100", "missing_lines": 0, "excluded_lines": 0, "percent_statements_covered": 100.0, "percent_statements_covered_display": "100"}, "missing_lines": [], "excluded_lines": [], "start_line": 46}, "_leakage_passed": {"executed_lines": [60, 61, 62, 65, 66, 68], "summary": {"covered_lines": 6, "num_statements": 9, "percent_covered": 66.66666666666667, "percent_covered_display": "67", "missing_lines": 3, "excluded_lines": 0, "percent_statements_covered": 66.66666666666667, "percent_statements_covered_display": "67"}, "missing_lines": [63, 64, 67], "excluded_lines": [], "start_line": 59}, "build_trust_pack": {"executed_lines": [72, 73, 74, 75, 76, 78, 79, 80, 81, 82, 86, 87, 88, 89, 90, 94, 95, 96, 97, 98, 99, 102, 104], "summary": {"covered_lines": 23, "num_statements": 27, "percent_covered": 85.18518518518519, "percent_covered_display": "85", "missing_lines": 4, "excluded_lines": 0, "percent_statements_covered": 85.18518518518519, "percent_statements_covered_display": "85"}, "missing_lines": [83, 84, 91, 92], "excluded_lines": [], "start_line": 71}, "write_trust_pack": {"executed_lines": [125, 126, 127, 128], "summary": {"covered_lines": 4, "num_statements": 4, "percent_covered": 100.0, "percent_covered_display": "100", "missing_lines": 0, "excluded_lines": 0, "percent_statements_covered": 100.0, "percent_statements_covered_display": "100"}, "missing_lines": [], "excluded_lines": [], "start_line": 124}, "read_trust_pack": {"executed_lines": [132, 133, 134], "summary": {"covered_lines": 3, "num_statements": 8, "percent_covered": 37.5, "percent_covered_display": "38", "missing_lines": 5, "excluded_lines": 0, "percent_statements_covered": 37.5, "percent_statements_covered_display": "38"}, "missing_lines": [135, 136, 137, 138, 139], "excluded_lines": [], "start_line": 131}, "trust_flags_from_dir": {"executed_lines": [143, 144, 147], "summary": {"covered_lines": 3, "num_statements": 4, "percent_covered": 75.0, "percent_covered_display": "75", "missing_lines": 1, "excluded_lines": 0, "percent_statements_covered": 75.0, "percent_statements_covered_display": "75"}, "missing_lines": [145], "excluded_lines": [], "start_line": 142}, "mirror_to_shared": {"executed_lines": [], "summary": {"covered_lines": 0, "num_statements": 6, "percent_covered": 0.0, "percent_covered_display": "0", "missing_lines": 6, "excluded_lines": 0, "percent_statements_covered": 0.0, "percent_statements_covered_display": "0"}, "missing_lines": [163, 164, 165, 166, 167, 168], "excluded_lines": [], "start_line": 161}, "resolve_active_run_id": {"executed_lines": [], "summary": {"covered_lines": 0, "num_statements": 12, "percent_covered": 0.0, "percent_covered_display": "0", "missing_lines": 12, "excluded_lines": 0, "percent_statements_covered": 0.0, "percent_statements_covered_display": "0"}, "missing_lines": [172, 173, 174, 175, 176, 177, 179, 180, 181, 182, 183, 184], "excluded_lines": [], "start_line": 171}, "": {"executed_lines": [3, 5, 6, 7, 8, 9, 11, 12, 13, 14, 16, 19, 32, 42, 46, 59, 71, 124, 131, 142, 161, 171], "summary": {"covered_lines": 22, "num_statements": 22, "percent_covered": 100.0, "percent_covered_display": "100", "missing_lines": 0, "excluded_lines": 0, "percent_statements_covered": 100.0, "percent_statements_covered_display": "100"}, "missing_lines": [], "excluded_lines": [], "start_line": 1}}, "classes": {"": {"executed_lines": [3, 5, 6, 7, 8, 9, 11, 12, 13, 14, 16, 19, 32, 42, 43, 46, 47, 48, 50, 51, 52, 59, 60, 61, 62, 65, 66, 68, 71, 72, 73, 74, 75, 76, 78, 79, 80, 81, 82, 86, 87, 88, 89, 90, 94, 95, 96, 97, 98, 99, 102, 104, 124, 125, 126, 127, 128, 131, 132, 133, 134, 142, 143, 144, 147, 161, 171], "summary": {"covered_lines": 67, "num_statements": 98, "percent_covered": 68.36734693877551, "percent_covered_display": "68", "missing_lines": 31, "excluded_lines": 0, "percent_statements_covered": 68.36734693877551, "percent_statements_covered_display": "68"}, "missing_lines": [63, 64, 67, 83, 84, 91, 92, 135, 136, 137, 138, 139, 145, 163, 164, 165, 166, 167, 168, 172, 173, 174, 175, 176, 177, 179, 180, 181, 182, 183, 184], "excluded_lines": [], "start_line": 1}}}}, "totals": {"covered_lines": 943, "num_statements": 2720, "percent_covered": 34.669117647058826, "percent_covered_display": "35", "missing_lines": 1777, "excluded_lines": 4, "percent_statements_covered": 34.669117647058826, "percent_statements_covered_display": "35"}}